[2023-08-28 09:15:58,272] [autoreload.py:637] [autoreload:run_with_reloader] [INFO]- Watching for file changes with StatReloader
[2023-08-28 09:16:12,350] [basehttp.py:161] [basehttp:log_message] [INFO]- "GET / HTTP/1.1" 302 0
[2023-08-28 09:16:12,870] [basehttp.py:161] [basehttp:log_message] [INFO]- "GET /api/docs/ HTTP/1.1" 200 347612
[2023-08-28 09:16:13,106] [basehttp.py:161] [basehttp:log_message] [INFO]- "GET /static/rest_framework/css/bootstrap.min.css HTTP/1.1" 304 0
[2023-08-28 09:16:13,107] [basehttp.py:161] [basehttp:log_message] [INFO]- "GET /static/rest_framework/css/bootstrap-theme.min.css HTTP/1.1" 304 0
[2023-08-28 09:16:13,115] [basehttp.py:161] [basehttp:log_message] [INFO]- "GET /static/rest_framework/docs/css/base.css HTTP/1.1" 304 0
[2023-08-28 09:16:13,115] [basehttp.py:161] [basehttp:log_message] [INFO]- "GET /static/rest_framework/css/font-awesome-4.0.3.css HTTP/1.1" 304 0
[2023-08-28 09:16:13,117] [basehttp.py:161] [basehttp:log_message] [INFO]- "GET /static/rest_framework/docs/css/jquery.json-view.min.css HTTP/1.1" 304 0
[2023-08-28 09:16:13,281] [basehttp.py:161] [basehttp:log_message] [INFO]- "GET /static/rest_framework/docs/js/jquery.json-view.min.js HTTP/1.1" 304 0
[2023-08-28 09:16:13,283] [basehttp.py:161] [basehttp:log_message] [INFO]- "GET /static/rest_framework/js/bootstrap.min.js HTTP/1.1" 304 0
[2023-08-28 09:16:13,283] [basehttp.py:161] [basehttp:log_message] [INFO]- "GET /static/rest_framework/js/jquery-3.5.1.min.js HTTP/1.1" 304 0
[2023-08-28 09:16:13,284] [basehttp.py:161] [basehttp:log_message] [INFO]- "GET /static/rest_framework/docs/js/api.js HTTP/1.1" 304 0
[2023-08-28 09:16:13,284] [basehttp.py:161] [basehttp:log_message] [INFO]- "GET /static/rest_framework/js/coreapi-0.1.1.js HTTP/1.1" 304 0
[2023-08-28 09:16:13,285] [basehttp.py:161] [basehttp:log_message] [INFO]- "GET /api/docs/schema.js HTTP/1.1" 200 54096
[2023-08-28 09:16:13,390] [basehttp.py:161] [basehttp:log_message] [INFO]- "GET /static/rest_framework/fonts/fontawesome-webfont.woff?v=4.0.3 HTTP/1.1" 304 0
[2023-08-28 09:41:36,723] [basehttp.py:161] [basehttp:log_message] [INFO]- "GET /api/account/platform/ HTTP/1.1" 200 421
[2023-08-28 09:42:38,187] [basehttp.py:161] [basehttp:log_message] [INFO]- "GET /api/account/account/ HTTP/1.1" 200 1652
[2023-08-28 09:45:15,683] [autoreload.py:251] [autoreload:trigger_reload] [INFO]- E:\Work File\Background\BackEndServer\apps\Account\views\Account.py changed, reloading.
[2023-08-28 09:45:17,842] [autoreload.py:637] [autoreload:run_with_reloader] [INFO]- Watching for file changes with StatReloader
[2023-08-28 09:45:59,400] [basehttp.py:161] [basehttp:log_message] [INFO]- "GET /api/system/user/ HTTP/1.1" 200 900
[2023-08-28 09:46:16,427] [basehttp.py:161] [basehttp:log_message] [INFO]- "POST /api/account/account/ HTTP/1.1" 200 415
[2023-08-28 09:46:22,382] [basehttp.py:161] [basehttp:log_message] [INFO]- "GET /api/account/account/ HTTP/1.1" 200 2037
[2023-08-28 09:54:28,351] [autoreload.py:251] [autoreload:trigger_reload] [INFO]- E:\Work File\Background\BackEndServer\apps\Account\views\Account.py changed, reloading.
[2023-08-28 09:54:30,666] [autoreload.py:637] [autoreload:run_with_reloader] [INFO]- Watching for file changes with StatReloader
[2023-08-28 09:55:23,287] [autoreload.py:251] [autoreload:trigger_reload] [INFO]- E:\Work File\Background\BackEndServer\apps\Account\views\Account.py changed, reloading.
[2023-08-28 09:55:25,670] [autoreload.py:637] [autoreload:run_with_reloader] [INFO]- Watching for file changes with StatReloader
[2023-08-28 09:55:36,120] [autoreload.py:251] [autoreload:trigger_reload] [INFO]- E:\Work File\Background\BackEndServer\apps\Account\views\Account.py changed, reloading.
[2023-08-28 09:55:38,517] [autoreload.py:637] [autoreload:run_with_reloader] [INFO]- Watching for file changes with StatReloader
[2023-08-28 09:55:50,161] [autoreload.py:251] [autoreload:trigger_reload] [INFO]- E:\Work File\Background\BackEndServer\apps\Account\views\Account.py changed, reloading.
[2023-08-28 09:55:52,526] [autoreload.py:637] [autoreload:run_with_reloader] [INFO]- Watching for file changes with StatReloader
[2023-08-28 09:56:01,957] [autoreload.py:251] [autoreload:trigger_reload] [INFO]- E:\Work File\Background\BackEndServer\apps\Account\views\Account.py changed, reloading.
[2023-08-28 09:56:04,364] [autoreload.py:637] [autoreload:run_with_reloader] [INFO]- Watching for file changes with StatReloader
[2023-08-28 09:56:41,229] [autoreload.py:251] [autoreload:trigger_reload] [INFO]- E:\Work File\Background\BackEndServer\apps\Account\views\Account.py changed, reloading.
[2023-08-28 09:56:43,482] [autoreload.py:637] [autoreload:run_with_reloader] [INFO]- Watching for file changes with StatReloader
[2023-08-28 09:56:51,715] [autoreload.py:251] [autoreload:trigger_reload] [INFO]- E:\Work File\Background\BackEndServer\apps\Account\views\Account.py changed, reloading.
[2023-08-28 09:56:54,014] [autoreload.py:637] [autoreload:run_with_reloader] [INFO]- Watching for file changes with StatReloader
[2023-08-28 09:59:29,849] [autoreload.py:637] [autoreload:run_with_reloader] [INFO]- Watching for file changes with StatReloader
[2023-08-28 10:00:11,503] [autoreload.py:251] [autoreload:trigger_reload] [INFO]- E:\Work File\Background\BackEndServer\apps\Account\views\Account.py changed, reloading.
[2023-08-28 10:00:13,672] [autoreload.py:637] [autoreload:run_with_reloader] [INFO]- Watching for file changes with StatReloader
[2023-08-28 10:03:32,556] [autoreload.py:251] [autoreload:trigger_reload] [INFO]- E:\Work File\Background\BackEndServer\apps\Account\views\Account.py changed, reloading.
[2023-08-28 10:03:34,869] [autoreload.py:637] [autoreload:run_with_reloader] [INFO]- Watching for file changes with StatReloader
[2023-08-28 10:05:07,682] [autoreload.py:251] [autoreload:trigger_reload] [INFO]- E:\Work File\Background\BackEndServer\apps\system\views\users.py changed, reloading.
[2023-08-28 10:05:09,911] [autoreload.py:637] [autoreload:run_with_reloader] [INFO]- Watching for file changes with StatReloader
[2023-08-28 10:05:22,973] [autoreload.py:251] [autoreload:trigger_reload] [INFO]- E:\Work File\Background\BackEndServer\apps\Account\urls.py changed, reloading.
[2023-08-28 10:05:25,186] [autoreload.py:637] [autoreload:run_with_reloader] [INFO]- Watching for file changes with StatReloader
[2023-08-28 10:05:28,603] [basehttp.py:161] [basehttp:log_message] [INFO]- "GET / HTTP/1.1" 302 0
[2023-08-28 10:05:28,954] [basehttp.py:161] [basehttp:log_message] [INFO]- "GET /api/docs/ HTTP/1.1" 200 341815
[2023-08-28 10:05:29,055] [basehttp.py:161] [basehttp:log_message] [INFO]- "GET /api/docs/schema.js HTTP/1.1" 200 53400
[2023-08-28 10:05:44,167] [basehttp.py:161] [basehttp:log_message] [INFO]- "GET /api/system/Info/get_UserInfo/ HTTP/1.1" 200 118
[2023-08-28 10:07:25,468] [autoreload.py:251] [autoreload:trigger_reload] [INFO]- E:\Work File\Background\BackEndServer\apps\Account\views\Account.py changed, reloading.
[2023-08-28 10:07:27,742] [autoreload.py:637] [autoreload:run_with_reloader] [INFO]- Watching for file changes with StatReloader
[2023-08-28 10:08:04,485] [autoreload.py:251] [autoreload:trigger_reload] [INFO]- E:\Work File\Background\BackEndServer\apps\Account\urls.py changed, reloading.
[2023-08-28 10:08:06,741] [autoreload.py:637] [autoreload:run_with_reloader] [INFO]- Watching for file changes with StatReloader
[2023-08-28 10:08:17,099] [basehttp.py:161] [basehttp:log_message] [INFO]- "GET /api/docs/ HTTP/1.1" 200 345629
[2023-08-28 10:08:17,210] [basehttp.py:161] [basehttp:log_message] [INFO]- "GET /api/docs/schema.js HTTP/1.1" 200 53596
[2023-08-28 10:08:17,505] [basehttp.py:161] [basehttp:log_message] [INFO]- "GET /static/rest_framework/docs/img/favicon.ico HTTP/1.1" 304 0
[2023-08-28 10:08:25,367] [log.py:224] [log:log_response] [ERROR]- Internal Server Error: /api/account/account_Info/get_list_by_user/
Traceback (most recent call last):
  File "D:\anaconda3\envs\Django\lib\site-packages\django\core\handlers\exception.py", line 47, in inner
    response = get_response(request)
  File "D:\anaconda3\envs\Django\lib\site-packages\django\core\handlers\base.py", line 181, in _get_response
    response = wrapped_callback(request, *callback_args, **callback_kwargs)
  File "D:\anaconda3\envs\Django\lib\site-packages\django\views\decorators\csrf.py", line 54, in wrapped_view
    return view_func(*args, **kwargs)
  File "D:\anaconda3\envs\Django\lib\site-packages\rest_framework\viewsets.py", line 125, in view
    return self.dispatch(request, *args, **kwargs)
  File "D:\anaconda3\envs\Django\lib\site-packages\rest_framework\views.py", line 509, in dispatch
    response = self.handle_exception(exc)
  File "D:\anaconda3\envs\Django\lib\site-packages\rest_framework\views.py", line 469, in handle_exception
    self.raise_uncaught_exception(exc)
  File "D:\anaconda3\envs\Django\lib\site-packages\rest_framework\views.py", line 480, in raise_uncaught_exception
    raise exc
  File "D:\anaconda3\envs\Django\lib\site-packages\rest_framework\views.py", line 506, in dispatch
    response = handler(request, *args, **kwargs)
  File "E:\Work File\Background\BackEndServer\apps\Account\views\Account.py", line 35, in GetListByUser
    queryset = Account.objects.filter(user=user)
  File "D:\anaconda3\envs\Django\lib\site-packages\django\db\models\manager.py", line 85, in manager_method
    return getattr(self.get_queryset(), name)(*args, **kwargs)
  File "D:\anaconda3\envs\Django\lib\site-packages\django\db\models\query.py", line 941, in filter
    return self._filter_or_exclude(False, args, kwargs)
  File "D:\anaconda3\envs\Django\lib\site-packages\django\db\models\query.py", line 961, in _filter_or_exclude
    clone._filter_or_exclude_inplace(negate, args, kwargs)
  File "D:\anaconda3\envs\Django\lib\site-packages\django\db\models\query.py", line 968, in _filter_or_exclude_inplace
    self._query.add_q(Q(*args, **kwargs))
  File "D:\anaconda3\envs\Django\lib\site-packages\django\db\models\sql\query.py", line 1393, in add_q
    clause, _ = self._add_q(q_object, self.used_aliases)
  File "D:\anaconda3\envs\Django\lib\site-packages\django\db\models\sql\query.py", line 1412, in _add_q
    child_clause, needed_inner = self.build_filter(
  File "D:\anaconda3\envs\Django\lib\site-packages\django\db\models\sql\query.py", line 1286, in build_filter
    lookups, parts, reffed_expression = self.solve_lookup_type(arg)
  File "D:\anaconda3\envs\Django\lib\site-packages\django\db\models\sql\query.py", line 1112, in solve_lookup_type
    _, field, _, lookup_parts = self.names_to_path(lookup_splitted, self.get_meta())
  File "D:\anaconda3\envs\Django\lib\site-packages\django\db\models\sql\query.py", line 1539, in names_to_path
    raise FieldError("Cannot resolve keyword '%s' into field. "
django.core.exceptions.FieldError: Cannot resolve keyword 'user' into field. Choices are: account_avatar, account_cookie, account_operator, account_operator_id, account_status, account_type, create_time, create_user, create_user_id, from_platform, groups, id, update_time, update_user, update_user_id, username
[2023-08-28 10:08:25,377] [basehttp.py:161] [basehttp:log_message] [ERROR]- "GET /api/account/account_Info/get_list_by_user/ HTTP/1.1" 500 147639
[2023-08-28 10:10:09,141] [autoreload.py:637] [autoreload:run_with_reloader] [INFO]- Watching for file changes with StatReloader
[2023-08-28 10:10:13,732] [basehttp.py:161] [basehttp:log_message] [INFO]- "GET / HTTP/1.1" 302 0
[2023-08-28 10:10:14,089] [basehttp.py:161] [basehttp:log_message] [INFO]- "GET /api/docs/ HTTP/1.1" 200 345629
[2023-08-28 10:10:14,198] [basehttp.py:161] [basehttp:log_message] [INFO]- "GET /api/docs/schema.js HTTP/1.1" 200 53596
[2023-08-28 10:10:29,203] [log.py:224] [log:log_response] [ERROR]- Internal Server Error: /api/account/account_Info/get_list_by_user/
Traceback (most recent call last):
  File "D:\anaconda3\envs\Django\lib\site-packages\django\core\handlers\exception.py", line 47, in inner
    response = get_response(request)
  File "D:\anaconda3\envs\Django\lib\site-packages\django\core\handlers\base.py", line 181, in _get_response
    response = wrapped_callback(request, *callback_args, **callback_kwargs)
  File "D:\anaconda3\envs\Django\lib\site-packages\django\views\decorators\csrf.py", line 54, in wrapped_view
    return view_func(*args, **kwargs)
  File "D:\anaconda3\envs\Django\lib\site-packages\rest_framework\viewsets.py", line 125, in view
    return self.dispatch(request, *args, **kwargs)
  File "D:\anaconda3\envs\Django\lib\site-packages\rest_framework\views.py", line 509, in dispatch
    response = self.handle_exception(exc)
  File "D:\anaconda3\envs\Django\lib\site-packages\rest_framework\views.py", line 469, in handle_exception
    self.raise_uncaught_exception(exc)
  File "D:\anaconda3\envs\Django\lib\site-packages\rest_framework\views.py", line 480, in raise_uncaught_exception
    raise exc
  File "D:\anaconda3\envs\Django\lib\site-packages\rest_framework\views.py", line 506, in dispatch
    response = handler(request, *args, **kwargs)
  File "E:\Work File\Background\BackEndServer\apps\Account\views\Account.py", line 36, in GetListByUser
    return Response(AccountSerializer(user.accounts.all(), many=True).data)
AttributeError: 'User' object has no attribute 'accounts'
[2023-08-28 10:10:29,209] [basehttp.py:161] [basehttp:log_message] [ERROR]- "GET /api/account/account_Info/get_list_by_user/ HTTP/1.1" 500 102583
[2023-08-28 10:10:45,112] [autoreload.py:251] [autoreload:trigger_reload] [INFO]- E:\Work File\Background\BackEndServer\apps\Account\views\Account.py changed, reloading.
[2023-08-28 10:10:47,493] [autoreload.py:637] [autoreload:run_with_reloader] [INFO]- Watching for file changes with StatReloader
[2023-08-28 10:10:52,196] [log.py:224] [log:log_response] [ERROR]- Internal Server Error: /api/account/account_Info/get_list_by_user/
Traceback (most recent call last):
  File "D:\anaconda3\envs\Django\lib\site-packages\django\core\handlers\exception.py", line 47, in inner
    response = get_response(request)
  File "D:\anaconda3\envs\Django\lib\site-packages\django\core\handlers\base.py", line 204, in _get_response
    response = response.render()
  File "D:\anaconda3\envs\Django\lib\site-packages\django\template\response.py", line 105, in render
    self.content = self.rendered_content
  File "D:\anaconda3\envs\Django\lib\site-packages\rest_framework\response.py", line 70, in rendered_content
    ret = renderer.render(self.data, accepted_media_type, context)
  File "E:\Work File\Background\BackEndServer\utils\response.py", line 38, in render
    return super(FitJSONRenderer, self).render(response_body.dict, accepted_media_type, renderer_context)
  File "D:\anaconda3\envs\Django\lib\site-packages\rest_framework\renderers.py", line 99, in render
    ret = json.dumps(
  File "D:\anaconda3\envs\Django\lib\site-packages\rest_framework\utils\json.py", line 25, in dumps
    return json.dumps(*args, **kwargs)
  File "D:\anaconda3\envs\Django\lib\json\__init__.py", line 234, in dumps
    return cls(
  File "D:\anaconda3\envs\Django\lib\json\encoder.py", line 199, in encode
    chunks = self.iterencode(o, _one_shot=True)
  File "D:\anaconda3\envs\Django\lib\json\encoder.py", line 257, in iterencode
    return _iterencode(o, 0)
  File "D:\anaconda3\envs\Django\lib\site-packages\rest_framework\utils\encoders.py", line 67, in default
    return super().default(obj)
  File "D:\anaconda3\envs\Django\lib\json\encoder.py", line 179, in default
    raise TypeError(f'Object of type {o.__class__.__name__} '
TypeError: Object of type User is not JSON serializable
[2023-08-28 10:10:52,206] [basehttp.py:161] [basehttp:log_message] [ERROR]- "GET /api/account/account_Info/get_list_by_user/ HTTP/1.1" 500 115313
[2023-08-28 10:11:46,212] [autoreload.py:251] [autoreload:trigger_reload] [INFO]- E:\Work File\Background\BackEndServer\apps\Account\views\Account.py changed, reloading.
[2023-08-28 10:11:48,565] [autoreload.py:637] [autoreload:run_with_reloader] [INFO]- Watching for file changes with StatReloader
[2023-08-28 10:11:52,042] [basehttp.py:161] [basehttp:log_message] [INFO]- "GET / HTTP/1.1" 302 0
[2023-08-28 10:11:52,369] [basehttp.py:161] [basehttp:log_message] [INFO]- "GET /api/docs/ HTTP/1.1" 200 345629
[2023-08-28 10:11:52,473] [basehttp.py:161] [basehttp:log_message] [INFO]- "GET /api/docs/schema.js HTTP/1.1" 200 53596
[2023-08-28 10:11:53,134] [autoreload.py:251] [autoreload:trigger_reload] [INFO]- E:\Work File\Background\BackEndServer\apps\Account\views\Account.py changed, reloading.
[2023-08-28 10:11:55,275] [autoreload.py:637] [autoreload:run_with_reloader] [INFO]- Watching for file changes with StatReloader
[2023-08-28 10:12:09,918] [log.py:224] [log:log_response] [ERROR]- Internal Server Error: /api/account/account_Info/get_list_by_user/
Traceback (most recent call last):
  File "D:\anaconda3\envs\Django\lib\site-packages\django\core\handlers\exception.py", line 47, in inner
    response = get_response(request)
  File "D:\anaconda3\envs\Django\lib\site-packages\django\core\handlers\base.py", line 181, in _get_response
    response = wrapped_callback(request, *callback_args, **callback_kwargs)
  File "D:\anaconda3\envs\Django\lib\site-packages\django\views\decorators\csrf.py", line 54, in wrapped_view
    return view_func(*args, **kwargs)
  File "D:\anaconda3\envs\Django\lib\site-packages\rest_framework\viewsets.py", line 125, in view
    return self.dispatch(request, *args, **kwargs)
  File "D:\anaconda3\envs\Django\lib\site-packages\rest_framework\views.py", line 509, in dispatch
    response = self.handle_exception(exc)
  File "D:\anaconda3\envs\Django\lib\site-packages\rest_framework\views.py", line 469, in handle_exception
    self.raise_uncaught_exception(exc)
  File "D:\anaconda3\envs\Django\lib\site-packages\rest_framework\views.py", line 480, in raise_uncaught_exception
    raise exc
  File "D:\anaconda3\envs\Django\lib\site-packages\rest_framework\views.py", line 506, in dispatch
    response = handler(request, *args, **kwargs)
  File "E:\Work File\Background\BackEndServer\apps\Account\views\Account.py", line 37, in GetListByUser
    userSerializer = UserSimpleSerializer|(user)
TypeError: unsupported operand type(s) for |: 'SerializerMetaclass' and 'User'
[2023-08-28 10:12:09,926] [basehttp.py:161] [basehttp:log_message] [ERROR]- "GET /api/account/account_Info/get_list_by_user/ HTTP/1.1" 500 102935
[2023-08-28 10:12:37,407] [autoreload.py:637] [autoreload:run_with_reloader] [INFO]- Watching for file changes with StatReloader
[2023-08-28 10:13:45,839] [basehttp.py:161] [basehttp:log_message] [INFO]- "GET / HTTP/1.1" 302 0
[2023-08-28 10:13:46,184] [basehttp.py:161] [basehttp:log_message] [INFO]- "GET /api/docs/ HTTP/1.1" 200 345629
[2023-08-28 10:13:46,287] [basehttp.py:161] [basehttp:log_message] [INFO]- "GET /api/docs/schema.js HTTP/1.1" 200 53596
[2023-08-28 10:13:58,865] [basehttp.py:161] [basehttp:log_message] [INFO]- "GET /api/account/account_Info/get_list_by_user/ HTTP/1.1" 200 118
[2023-08-28 10:14:20,901] [autoreload.py:251] [autoreload:trigger_reload] [INFO]- E:\Work File\Background\BackEndServer\apps\Account\views\Account.py changed, reloading.
[2023-08-28 10:14:23,231] [autoreload.py:637] [autoreload:run_with_reloader] [INFO]- Watching for file changes with StatReloader
[2023-08-28 10:37:05,556] [autoreload.py:251] [autoreload:trigger_reload] [INFO]- E:\Work File\Background\BackEndServer\apps\Account\views\Account.py changed, reloading.
[2023-08-28 10:37:07,940] [autoreload.py:637] [autoreload:run_with_reloader] [INFO]- Watching for file changes with StatReloader
[2023-08-28 10:42:13,018] [autoreload.py:251] [autoreload:trigger_reload] [INFO]- E:\Work File\Background\BackEndServer\apps\Account\views\Account.py changed, reloading.
[2023-08-28 10:42:15,355] [autoreload.py:637] [autoreload:run_with_reloader] [INFO]- Watching for file changes with StatReloader
[2023-08-28 10:42:18,795] [basehttp.py:161] [basehttp:log_message] [INFO]- "GET / HTTP/1.1" 302 0
[2023-08-28 10:42:19,123] [basehttp.py:161] [basehttp:log_message] [INFO]- "GET /api/docs/ HTTP/1.1" 200 341815
[2023-08-28 10:42:19,231] [basehttp.py:161] [basehttp:log_message] [INFO]- "GET /api/docs/schema.js HTTP/1.1" 200 53400
[2023-08-28 10:42:27,124] [log.py:224] [log:log_response] [ERROR]- Internal Server Error: /api/account/account/
Traceback (most recent call last):
  File "D:\anaconda3\envs\Django\lib\site-packages\django\core\handlers\exception.py", line 47, in inner
    response = get_response(request)
  File "D:\anaconda3\envs\Django\lib\site-packages\django\core\handlers\base.py", line 181, in _get_response
    response = wrapped_callback(request, *callback_args, **callback_kwargs)
  File "D:\anaconda3\envs\Django\lib\site-packages\django\views\decorators\csrf.py", line 54, in wrapped_view
    return view_func(*args, **kwargs)
  File "D:\anaconda3\envs\Django\lib\site-packages\rest_framework\viewsets.py", line 125, in view
    return self.dispatch(request, *args, **kwargs)
  File "D:\anaconda3\envs\Django\lib\site-packages\rest_framework\views.py", line 509, in dispatch
    response = self.handle_exception(exc)
  File "D:\anaconda3\envs\Django\lib\site-packages\rest_framework\views.py", line 469, in handle_exception
    self.raise_uncaught_exception(exc)
  File "D:\anaconda3\envs\Django\lib\site-packages\rest_framework\views.py", line 480, in raise_uncaught_exception
    raise exc
  File "D:\anaconda3\envs\Django\lib\site-packages\rest_framework\views.py", line 506, in dispatch
    response = handler(request, *args, **kwargs)
  File "E:\Work File\Background\BackEndServer\apps\Account\views\Account.py", line 25, in list
    user_id = request.user.id
AttributeError: 'NoneType' object has no attribute 'id'
[2023-08-28 10:42:27,132] [basehttp.py:161] [basehttp:log_message] [ERROR]- "GET /api/account/account/ HTTP/1.1" 500 102599
[2023-08-28 10:42:48,304] [basehttp.py:161] [basehttp:log_message] [INFO]- "GET /api/account/account/ HTTP/1.1" 200 1652
[2023-08-28 10:44:51,974] [autoreload.py:251] [autoreload:trigger_reload] [INFO]- E:\Work File\Background\BackEndServer\BackEndServer\settings.py changed, reloading.
[2023-08-28 10:44:54,350] [autoreload.py:637] [autoreload:run_with_reloader] [INFO]- Watching for file changes with StatReloader
[2023-08-28 10:44:56,211] [autoreload.py:251] [autoreload:trigger_reload] [INFO]- E:\Work File\Background\BackEndServer\BackEndServer\settings.py changed, reloading.
[2023-08-28 10:44:58,348] [autoreload.py:637] [autoreload:run_with_reloader] [INFO]- Watching for file changes with StatReloader
[2023-08-28 10:45:33,056] [autoreload.py:251] [autoreload:trigger_reload] [INFO]- E:\Work File\Background\BackEndServer\BackEndServer\settings.py changed, reloading.
[2023-08-28 10:45:35,383] [autoreload.py:637] [autoreload:run_with_reloader] [INFO]- Watching for file changes with StatReloader
[2023-08-28 10:45:43,354] [basehttp.py:161] [basehttp:log_message] [INFO]- "GET /api/docs/ HTTP/1.1" 200 341815
[2023-08-28 10:45:43,469] [basehttp.py:161] [basehttp:log_message] [INFO]- "GET /api/docs/schema.js HTTP/1.1" 200 53400
[2023-08-28 10:45:46,427] [basehttp.py:161] [basehttp:log_message] [INFO]- "GET /api/account/account/ HTTP/1.1" 200 109
[2023-08-28 10:45:56,145] [basehttp.py:161] [basehttp:log_message] [INFO]- "GET /api/system/Info/get_UserInfo/ HTTP/1.1" 200 109
[2023-08-28 10:46:12,594] [basehttp.py:161] [basehttp:log_message] [INFO]- "GET /api/system/user/get_captcha/ HTTP/1.1" 200 109
[2023-08-28 10:48:27,686] [autoreload.py:251] [autoreload:trigger_reload] [INFO]- E:\Work File\Background\BackEndServer\apps\system\views\users.py changed, reloading.
[2023-08-28 10:48:30,068] [autoreload.py:637] [autoreload:run_with_reloader] [INFO]- Watching for file changes with StatReloader
[2023-08-28 10:48:33,764] [basehttp.py:161] [basehttp:log_message] [INFO]- "GET / HTTP/1.1" 302 0
[2023-08-28 10:48:34,124] [basehttp.py:161] [basehttp:log_message] [INFO]- "GET /api/docs/ HTTP/1.1" 200 341815
[2023-08-28 10:48:34,226] [basehttp.py:161] [basehttp:log_message] [INFO]- "GET /api/docs/schema.js HTTP/1.1" 200 53400
[2023-08-28 10:48:41,105] [basehttp.py:161] [basehttp:log_message] [INFO]- "GET /api/system/user/get_captcha/ HTTP/1.1" 200 109
[2023-08-28 10:48:42,614] [basehttp.py:161] [basehttp:log_message] [INFO]- "GET /api/system/user/get_captcha/ HTTP/1.1" 200 109
[2023-08-28 10:59:58,346] [basehttp.py:161] [basehttp:log_message] [INFO]- "GET / HTTP/1.1" 302 0
[2023-08-28 10:59:58,661] [basehttp.py:161] [basehttp:log_message] [INFO]- "GET /api/docs/ HTTP/1.1" 200 341815
[2023-08-28 10:59:58,748] [basehttp.py:161] [basehttp:log_message] [INFO]- "GET /api/docs/schema.js HTTP/1.1" 200 53400
[2023-08-28 11:00:06,684] [basehttp.py:161] [basehttp:log_message] [INFO]- "GET /api/system/user/get_captcha/ HTTP/1.1" 200 109
[2023-08-28 11:03:12,105] [basehttp.py:161] [basehttp:log_message] [INFO]- "GET /api/docs/ HTTP/1.1" 200 341815
[2023-08-28 11:03:12,216] [basehttp.py:161] [basehttp:log_message] [INFO]- "GET /api/docs/schema.js HTTP/1.1" 200 53400
[2023-08-28 11:03:15,397] [basehttp.py:161] [basehttp:log_message] [INFO]- "GET /api/system/user/get_captcha/ HTTP/1.1" 200 109
[2023-08-28 11:03:21,409] [autoreload.py:251] [autoreload:trigger_reload] [INFO]- E:\Work File\Background\BackEndServer\BackEndServer\settings.py changed, reloading.
[2023-08-28 11:03:23,707] [autoreload.py:637] [autoreload:run_with_reloader] [INFO]- Watching for file changes with StatReloader
[2023-08-28 11:03:27,914] [basehttp.py:161] [basehttp:log_message] [INFO]- "GET /api/docs/ HTTP/1.1" 200 341815
[2023-08-28 11:03:28,031] [basehttp.py:161] [basehttp:log_message] [INFO]- "GET /api/docs/schema.js HTTP/1.1" 200 53400
[2023-08-28 11:03:30,054] [basehttp.py:161] [basehttp:log_message] [INFO]- "GET /api/system/user/get_captcha/ HTTP/1.1" 200 49
[2023-08-28 11:03:46,521] [log.py:224] [log:log_response] [ERROR]- Internal Server Error: /api/account/account/
Traceback (most recent call last):
  File "D:\anaconda3\envs\Django\lib\site-packages\django\core\handlers\exception.py", line 47, in inner
    response = get_response(request)
  File "D:\anaconda3\envs\Django\lib\site-packages\django\core\handlers\base.py", line 181, in _get_response
    response = wrapped_callback(request, *callback_args, **callback_kwargs)
  File "D:\anaconda3\envs\Django\lib\site-packages\django\views\decorators\csrf.py", line 54, in wrapped_view
    return view_func(*args, **kwargs)
  File "D:\anaconda3\envs\Django\lib\site-packages\rest_framework\viewsets.py", line 125, in view
    return self.dispatch(request, *args, **kwargs)
  File "D:\anaconda3\envs\Django\lib\site-packages\rest_framework\views.py", line 509, in dispatch
    response = self.handle_exception(exc)
  File "D:\anaconda3\envs\Django\lib\site-packages\rest_framework\views.py", line 469, in handle_exception
    self.raise_uncaught_exception(exc)
  File "D:\anaconda3\envs\Django\lib\site-packages\rest_framework\views.py", line 480, in raise_uncaught_exception
    raise exc
  File "D:\anaconda3\envs\Django\lib\site-packages\rest_framework\views.py", line 506, in dispatch
    response = handler(request, *args, **kwargs)
  File "E:\Work File\Background\BackEndServer\apps\Account\views\Account.py", line 25, in list
    user_id = request.user.id
AttributeError: 'NoneType' object has no attribute 'id'
[2023-08-28 11:03:46,526] [basehttp.py:161] [basehttp:log_message] [ERROR]- "GET /api/account/account/ HTTP/1.1" 500 102599
[2023-08-28 11:05:01,974] [autoreload.py:251] [autoreload:trigger_reload] [INFO]- E:\Work File\Background\BackEndServer\BackEndServer\settings.py changed, reloading.
[2023-08-28 11:05:04,374] [autoreload.py:637] [autoreload:run_with_reloader] [INFO]- Watching for file changes with StatReloader
[2023-08-28 11:05:08,428] [autoreload.py:251] [autoreload:trigger_reload] [INFO]- E:\Work File\Background\BackEndServer\BackEndServer\settings.py changed, reloading.
[2023-08-28 11:05:10,737] [autoreload.py:637] [autoreload:run_with_reloader] [INFO]- Watching for file changes with StatReloader
[2023-08-28 11:05:13,075] [basehttp.py:161] [basehttp:log_message] [INFO]- "GET /api/docs/ HTTP/1.1" 200 341815
[2023-08-28 11:05:13,186] [basehttp.py:161] [basehttp:log_message] [INFO]- "GET /api/docs/schema.js HTTP/1.1" 200 53400
[2023-08-28 11:05:16,049] [log.py:224] [log:log_response] [ERROR]- Internal Server Error: /api/account/account/
Traceback (most recent call last):
  File "D:\anaconda3\envs\Django\lib\site-packages\django\core\handlers\exception.py", line 47, in inner
    response = get_response(request)
  File "D:\anaconda3\envs\Django\lib\site-packages\django\core\handlers\base.py", line 181, in _get_response
    response = wrapped_callback(request, *callback_args, **callback_kwargs)
  File "D:\anaconda3\envs\Django\lib\site-packages\django\views\decorators\csrf.py", line 54, in wrapped_view
    return view_func(*args, **kwargs)
  File "D:\anaconda3\envs\Django\lib\site-packages\rest_framework\viewsets.py", line 125, in view
    return self.dispatch(request, *args, **kwargs)
  File "D:\anaconda3\envs\Django\lib\site-packages\rest_framework\views.py", line 509, in dispatch
    response = self.handle_exception(exc)
  File "D:\anaconda3\envs\Django\lib\site-packages\rest_framework\views.py", line 469, in handle_exception
    self.raise_uncaught_exception(exc)
  File "D:\anaconda3\envs\Django\lib\site-packages\rest_framework\views.py", line 480, in raise_uncaught_exception
    raise exc
  File "D:\anaconda3\envs\Django\lib\site-packages\rest_framework\views.py", line 506, in dispatch
    response = handler(request, *args, **kwargs)
  File "E:\Work File\Background\BackEndServer\apps\Account\views\Account.py", line 25, in list
    user_id = request.user.id
AttributeError: 'NoneType' object has no attribute 'id'
[2023-08-28 11:05:16,056] [basehttp.py:161] [basehttp:log_message] [ERROR]- "GET /api/account/account/ HTTP/1.1" 500 102680
[2023-08-28 11:05:25,603] [autoreload.py:251] [autoreload:trigger_reload] [INFO]- E:\Work File\Background\BackEndServer\BackEndServer\settings.py changed, reloading.
[2023-08-28 11:05:27,895] [autoreload.py:637] [autoreload:run_with_reloader] [INFO]- Watching for file changes with StatReloader
[2023-08-28 11:05:42,053] [autoreload.py:251] [autoreload:trigger_reload] [INFO]- E:\Work File\Background\BackEndServer\BackEndServer\settings.py changed, reloading.
[2023-08-28 11:05:44,355] [autoreload.py:637] [autoreload:run_with_reloader] [INFO]- Watching for file changes with StatReloader
[2023-08-28 11:05:50,139] [basehttp.py:161] [basehttp:log_message] [INFO]- "GET /api/docs/ HTTP/1.1" 200 341815
[2023-08-28 11:05:50,257] [basehttp.py:161] [basehttp:log_message] [INFO]- "GET /api/docs/schema.js HTTP/1.1" 200 53400
[2023-08-28 11:05:57,395] [basehttp.py:161] [basehttp:log_message] [INFO]- "GET /api/system/user/get_captcha/ HTTP/1.1" 200 109
[2023-08-28 11:06:04,530] [autoreload.py:251] [autoreload:trigger_reload] [INFO]- E:\Work File\Background\BackEndServer\BackEndServer\settings.py changed, reloading.
[2023-08-28 11:06:06,889] [autoreload.py:637] [autoreload:run_with_reloader] [INFO]- Watching for file changes with StatReloader
[2023-08-28 11:06:12,914] [basehttp.py:161] [basehttp:log_message] [INFO]- "GET /api/system/user/get_captcha/ HTTP/1.1" 200 49
[2023-08-28 11:06:30,866] [basehttp.py:161] [basehttp:log_message] [INFO]- "GET /api/system/user/ HTTP/1.1" 200 900
[2023-08-28 11:06:50,794] [autoreload.py:251] [autoreload:trigger_reload] [INFO]- E:\Work File\Background\BackEndServer\BackEndServer\settings.py changed, reloading.
[2023-08-28 11:06:53,123] [autoreload.py:637] [autoreload:run_with_reloader] [INFO]- Watching for file changes with StatReloader
[2023-08-28 11:09:32,109] [autoreload.py:251] [autoreload:trigger_reload] [INFO]- E:\Work File\Background\BackEndServer\BackEndServer\settings.py changed, reloading.
[2023-08-28 11:09:34,407] [autoreload.py:637] [autoreload:run_with_reloader] [INFO]- Watching for file changes with StatReloader
[2023-08-28 11:09:55,089] [autoreload.py:251] [autoreload:trigger_reload] [INFO]- E:\Work File\Background\BackEndServer\apps\system\views\users.py changed, reloading.
[2023-08-28 11:09:57,433] [autoreload.py:637] [autoreload:run_with_reloader] [INFO]- Watching for file changes with StatReloader
[2023-08-28 11:11:07,497] [autoreload.py:251] [autoreload:trigger_reload] [INFO]- E:\Work File\Background\BackEndServer\apps\system\views\users.py changed, reloading.
[2023-08-28 11:11:09,826] [autoreload.py:637] [autoreload:run_with_reloader] [INFO]- Watching for file changes with StatReloader
[2023-08-28 11:11:22,845] [basehttp.py:161] [basehttp:log_message] [INFO]- "GET /api/system/user/get_captcha/ HTTP/1.1" 200 109
[2023-08-28 11:11:25,147] [basehttp.py:161] [basehttp:log_message] [INFO]- "GET /api/system/user/get_captcha/ HTTP/1.1" 200 109
[2023-08-28 11:11:25,626] [basehttp.py:161] [basehttp:log_message] [INFO]- "GET /api/system/user/get_captcha/ HTTP/1.1" 200 109
[2023-08-28 11:11:25,866] [basehttp.py:161] [basehttp:log_message] [INFO]- "GET /api/system/user/get_captcha/ HTTP/1.1" 200 109
[2023-08-28 11:13:48,353] [autoreload.py:251] [autoreload:trigger_reload] [INFO]- E:\Work File\Background\BackEndServer\BackEndServer\settings.py changed, reloading.
[2023-08-28 11:13:50,710] [autoreload.py:637] [autoreload:run_with_reloader] [INFO]- Watching for file changes with StatReloader
[2023-08-28 11:13:56,062] [autoreload.py:251] [autoreload:trigger_reload] [INFO]- E:\Work File\Background\BackEndServer\BackEndServer\settings.py changed, reloading.
[2023-08-28 11:13:58,377] [autoreload.py:637] [autoreload:run_with_reloader] [INFO]- Watching for file changes with StatReloader
[2023-08-28 11:14:01,682] [basehttp.py:161] [basehttp:log_message] [INFO]- "GET /api/docs/ HTTP/1.1" 200 341815
[2023-08-28 11:14:01,801] [basehttp.py:161] [basehttp:log_message] [INFO]- "GET /api/docs/schema.js HTTP/1.1" 200 53400
[2023-08-28 11:14:04,435] [basehttp.py:161] [basehttp:log_message] [INFO]- "GET /api/system/user/get_captcha/ HTTP/1.1" 200 109
[2023-08-28 11:14:05,985] [basehttp.py:161] [basehttp:log_message] [INFO]- "GET /api/system/user/get_captcha/ HTTP/1.1" 200 109
[2023-08-28 11:16:00,013] [autoreload.py:251] [autoreload:trigger_reload] [INFO]- E:\Work File\Background\BackEndServer\BackEndServer\settings.py changed, reloading.
[2023-08-28 11:16:02,351] [autoreload.py:637] [autoreload:run_with_reloader] [INFO]- Watching for file changes with StatReloader
[2023-08-28 11:22:55,037] [autoreload.py:251] [autoreload:trigger_reload] [INFO]- E:\Work File\Background\BackEndServer\apps\system\views\users.py changed, reloading.
[2023-08-28 11:22:57,409] [autoreload.py:637] [autoreload:run_with_reloader] [INFO]- Watching for file changes with StatReloader
[2023-08-28 11:23:09,163] [autoreload.py:251] [autoreload:trigger_reload] [INFO]- E:\Work File\Background\BackEndServer\apps\system\views\users.py changed, reloading.
[2023-08-28 11:23:11,437] [autoreload.py:637] [autoreload:run_with_reloader] [INFO]- Watching for file changes with StatReloader
[2023-08-28 11:23:14,642] [autoreload.py:251] [autoreload:trigger_reload] [INFO]- E:\Work File\Background\BackEndServer\apps\system\views\users.py changed, reloading.
[2023-08-28 11:23:16,971] [autoreload.py:637] [autoreload:run_with_reloader] [INFO]- Watching for file changes with StatReloader
[2023-08-28 11:23:26,086] [autoreload.py:251] [autoreload:trigger_reload] [INFO]- E:\Work File\Background\BackEndServer\apps\system\views\users.py changed, reloading.
[2023-08-28 11:23:28,523] [autoreload.py:637] [autoreload:run_with_reloader] [INFO]- Watching for file changes with StatReloader
[2023-08-28 11:25:09,412] [autoreload.py:251] [autoreload:trigger_reload] [INFO]- E:\Work File\Background\BackEndServer\apps\system\views\users.py changed, reloading.
[2023-08-28 11:25:11,741] [autoreload.py:637] [autoreload:run_with_reloader] [INFO]- Watching for file changes with StatReloader
[2023-08-28 11:25:36,098] [autoreload.py:251] [autoreload:trigger_reload] [INFO]- E:\Work File\Background\BackEndServer\apps\system\views\users.py changed, reloading.
[2023-08-28 11:25:38,512] [autoreload.py:637] [autoreload:run_with_reloader] [INFO]- Watching for file changes with StatReloader
[2023-08-28 11:26:14,325] [autoreload.py:251] [autoreload:trigger_reload] [INFO]- E:\Work File\Background\BackEndServer\apps\system\urls.py changed, reloading.
[2023-08-28 11:26:16,639] [autoreload.py:637] [autoreload:run_with_reloader] [INFO]- Watching for file changes with StatReloader
[2023-08-28 11:26:39,680] [autoreload.py:251] [autoreload:trigger_reload] [INFO]- E:\Work File\Background\BackEndServer\apps\system\urls.py changed, reloading.
[2023-08-28 11:26:41,927] [autoreload.py:637] [autoreload:run_with_reloader] [INFO]- Watching for file changes with StatReloader
[2023-08-28 11:28:13,399] [autoreload.py:251] [autoreload:trigger_reload] [INFO]- E:\Work File\Background\BackEndServer\apps\system\urls.py changed, reloading.
[2023-08-28 11:28:15,609] [autoreload.py:637] [autoreload:run_with_reloader] [INFO]- Watching for file changes with StatReloader
[2023-08-28 11:28:20,993] [autoreload.py:251] [autoreload:trigger_reload] [INFO]- E:\Work File\Background\BackEndServer\apps\system\urls.py changed, reloading.
[2023-08-28 11:28:23,290] [autoreload.py:637] [autoreload:run_with_reloader] [INFO]- Watching for file changes with StatReloader
[2023-08-28 11:28:30,257] [autoreload.py:251] [autoreload:trigger_reload] [INFO]- E:\Work File\Background\BackEndServer\apps\system\urls.py changed, reloading.
[2023-08-28 11:28:32,501] [autoreload.py:637] [autoreload:run_with_reloader] [INFO]- Watching for file changes with StatReloader
[2023-08-28 11:29:11,656] [autoreload.py:251] [autoreload:trigger_reload] [INFO]- E:\Work File\Background\BackEndServer\apps\system\views\users.py changed, reloading.
[2023-08-28 11:29:13,900] [autoreload.py:637] [autoreload:run_with_reloader] [INFO]- Watching for file changes with StatReloader
[2023-08-28 11:29:21,842] [autoreload.py:251] [autoreload:trigger_reload] [INFO]- E:\Work File\Background\BackEndServer\apps\system\views\users.py changed, reloading.
[2023-08-28 11:29:24,178] [autoreload.py:637] [autoreload:run_with_reloader] [INFO]- Watching for file changes with StatReloader
[2023-08-28 11:29:26,448] [basehttp.py:161] [basehttp:log_message] [INFO]- "GET /api/docs/ HTTP/1.1" 200 341783
[2023-08-28 11:29:26,561] [basehttp.py:161] [basehttp:log_message] [INFO]- "GET /api/docs/schema.js HTTP/1.1" 200 53364
[2023-08-28 11:29:48,988] [basehttp.py:161] [basehttp:log_message] [INFO]- "GET /api/system//captcha HTTP/1.1" 200 49
[2023-08-28 11:29:56,396] [autoreload.py:251] [autoreload:trigger_reload] [INFO]- E:\Work File\Background\BackEndServer\apps\system\urls.py changed, reloading.
[2023-08-28 11:29:58,683] [autoreload.py:637] [autoreload:run_with_reloader] [INFO]- Watching for file changes with StatReloader
[2023-08-28 11:30:02,907] [basehttp.py:161] [basehttp:log_message] [INFO]- "GET /api/docs/ HTTP/1.1" 200 341745
[2023-08-28 11:30:03,025] [basehttp.py:161] [basehttp:log_message] [INFO]- "GET /api/docs/schema.js HTTP/1.1" 200 53356
[2023-08-28 11:30:07,772] [basehttp.py:161] [basehttp:log_message] [INFO]- "GET /api/system/captcha HTTP/1.1" 200 49
[2023-08-28 11:30:13,020] [basehttp.py:161] [basehttp:log_message] [INFO]- "GET /api/system/Info/get_UserInfo/ HTTP/1.1" 200 60
[2023-08-28 11:30:32,576] [autoreload.py:251] [autoreload:trigger_reload] [INFO]- E:\Work File\Background\BackEndServer\BackEndServer\settings.py changed, reloading.
[2023-08-28 11:30:34,850] [autoreload.py:637] [autoreload:run_with_reloader] [INFO]- Watching for file changes with StatReloader
[2023-08-28 11:30:41,356] [basehttp.py:161] [basehttp:log_message] [INFO]- "GET /api/system/Info/get_UserInfo/ HTTP/1.1" 200 109
[2023-08-28 11:30:44,262] [basehttp.py:161] [basehttp:log_message] [INFO]- "GET /api/system/captcha HTTP/1.1" 200 49
[2023-08-28 11:30:47,580] [basehttp.py:161] [basehttp:log_message] [INFO]- "GET /api/docs/ HTTP/1.1" 200 341745
[2023-08-28 11:30:47,714] [basehttp.py:161] [basehttp:log_message] [INFO]- "GET /api/docs/schema.js HTTP/1.1" 200 53356
[2023-08-28 11:30:50,071] [basehttp.py:161] [basehttp:log_message] [INFO]- "GET /api/system/captcha HTTP/1.1" 200 49
[2023-08-28 13:58:30,920] [basehttp.py:161] [basehttp:log_message] [INFO]- "GET /api/account/account/ HTTP/1.1" 200 1652
[2023-08-28 14:00:41,999] [basehttp.py:161] [basehttp:log_message] [INFO]- "POST /api/token/ HTTP/1.1" 200 576
[2023-08-28 14:00:42,853] [basehttp.py:161] [basehttp:log_message] [INFO]- "GET /api/system/Info/get_UserInfo/ HTTP/1.1" 200 118
[2023-08-28 14:04:44,674] [basehttp.py:161] [basehttp:log_message] [INFO]- "GET /api/account/account/ HTTP/1.1" 200 1652
[2023-08-28 14:05:38,770] [basehttp.py:161] [basehttp:log_message] [INFO]- "GET /api/account/account/ HTTP/1.1" 200 1652
[2023-08-28 14:06:11,089] [basehttp.py:161] [basehttp:log_message] [INFO]- "GET /api/account/account/ HTTP/1.1" 200 1652
[2023-08-28 14:07:19,284] [basehttp.py:161] [basehttp:log_message] [INFO]- "GET /api/account/account/ HTTP/1.1" 200 1652
[2023-08-28 14:08:02,757] [basehttp.py:161] [basehttp:log_message] [INFO]- "GET /api/account/platform/ HTTP/1.1" 200 421
[2023-08-28 14:08:36,104] [basehttp.py:161] [basehttp:log_message] [INFO]- "PATCH /api/account/platform/ZqCqakP7ftUJrWkiEBYPfx/ HTTP/1.1" 200 73
[2023-08-28 14:09:00,166] [basehttp.py:161] [basehttp:log_message] [INFO]- "PATCH /api/account/platform/3f2GFdcsZfQ8w3dXnGmS4Y/ HTTP/1.1" 200 419
[2023-08-28 14:10:15,053] [basehttp.py:161] [basehttp:log_message] [INFO]- "GET /api/account/account/ HTTP/1.1" 200 1652
[2023-08-28 14:10:43,045] [basehttp.py:161] [basehttp:log_message] [INFO]- "PUT /api/account/account/ZqCqakP7ftUJrWkiEBYPfx/ HTTP/1.1" 200 163
[2023-08-28 14:13:31,315] [basehttp.py:161] [basehttp:log_message] [INFO]- "PUT /api/account/account/ZqCqakP7ftUJrWkiEBYPfx/ HTTP/1.1" 200 1651
[2023-08-28 14:13:40,423] [basehttp.py:161] [basehttp:log_message] [INFO]- "GET /api/account/account/ HTTP/1.1" 200 1653
[2023-08-28 14:16:10,349] [basehttp.py:161] [basehttp:log_message] [INFO]- "GET /api/docs/ HTTP/1.1" 200 341745
[2023-08-28 14:16:10,454] [basehttp.py:161] [basehttp:log_message] [INFO]- "GET /api/docs/schema.js HTTP/1.1" 200 53356
[2023-08-28 14:18:50,407] [autoreload.py:251] [autoreload:trigger_reload] [INFO]- E:\Work File\Background\BackEndServer\apps\Account\views\platform.py changed, reloading.
[2023-08-28 14:18:52,782] [autoreload.py:637] [autoreload:run_with_reloader] [INFO]- Watching for file changes with StatReloader
[2023-08-28 14:19:23,421] [autoreload.py:251] [autoreload:trigger_reload] [INFO]- E:\Work File\Background\BackEndServer\apps\Account\views\platform.py changed, reloading.
[2023-08-28 14:19:25,724] [autoreload.py:637] [autoreload:run_with_reloader] [INFO]- Watching for file changes with StatReloader
[2023-08-28 14:19:38,300] [basehttp.py:161] [basehttp:log_message] [INFO]- "GET /api/docs/ HTTP/1.1" 200 345486
[2023-08-28 14:19:38,419] [basehttp.py:161] [basehttp:log_message] [INFO]- "GET /api/docs/schema.js HTTP/1.1" 200 53536
[2023-08-28 14:19:57,538] [basehttp.py:161] [basehttp:log_message] [INFO]- "GET /api/account/platform/ReadByName/ HTTP/1.1" 200 74
[2023-08-28 14:27:30,448] [autoreload.py:251] [autoreload:trigger_reload] [INFO]- E:\Work File\Background\BackEndServer\apps\Account\views\platform.py changed, reloading.
[2023-08-28 14:27:32,759] [autoreload.py:637] [autoreload:run_with_reloader] [INFO]- Watching for file changes with StatReloader
[2023-08-28 14:27:48,282] [autoreload.py:251] [autoreload:trigger_reload] [INFO]- E:\Work File\Background\BackEndServer\apps\Account\views\platform.py changed, reloading.
[2023-08-28 14:27:50,571] [autoreload.py:637] [autoreload:run_with_reloader] [INFO]- Watching for file changes with StatReloader
[2023-08-28 14:27:55,203] [autoreload.py:251] [autoreload:trigger_reload] [INFO]- E:\Work File\Background\BackEndServer\apps\Account\views\platform.py changed, reloading.
[2023-08-28 14:27:57,525] [autoreload.py:637] [autoreload:run_with_reloader] [INFO]- Watching for file changes with StatReloader
[2023-08-28 14:28:03,381] [autoreload.py:251] [autoreload:trigger_reload] [INFO]- E:\Work File\Background\BackEndServer\apps\Account\views\platform.py changed, reloading.
[2023-08-28 14:28:05,656] [autoreload.py:637] [autoreload:run_with_reloader] [INFO]- Watching for file changes with StatReloader
[2023-08-28 14:28:12,940] [basehttp.py:161] [basehttp:log_message] [INFO]- "GET / HTTP/1.1" 302 0
[2023-08-28 14:28:13,278] [basehttp.py:161] [basehttp:log_message] [INFO]- "GET /api/docs/ HTTP/1.1" 200 346434
[2023-08-28 14:28:13,383] [basehttp.py:161] [basehttp:log_message] [INFO]- "GET /api/docs/schema.js HTTP/1.1" 200 53756
[2023-08-28 14:29:37,374] [basehttp.py:161] [basehttp:log_message] [INFO]- "GET /api/account/platform/ HTTP/1.1" 200 421
[2023-08-28 14:29:40,654] [basehttp.py:161] [basehttp:log_message] [INFO]- "GET /api/account/platform/ HTTP/1.1" 200 421
[2023-08-28 14:29:56,054] [log.py:224] [log:log_response] [ERROR]- Internal Server Error: /api/account/platform/3f2GFdcsZfQ8w3dXnGmS4Y/ReadByName/
Traceback (most recent call last):
  File "D:\anaconda3\envs\Django\lib\site-packages\django\core\handlers\exception.py", line 47, in inner
    response = get_response(request)
  File "D:\anaconda3\envs\Django\lib\site-packages\django\core\handlers\base.py", line 181, in _get_response
    response = wrapped_callback(request, *callback_args, **callback_kwargs)
  File "D:\anaconda3\envs\Django\lib\site-packages\django\views\decorators\csrf.py", line 54, in wrapped_view
    return view_func(*args, **kwargs)
  File "D:\anaconda3\envs\Django\lib\site-packages\rest_framework\viewsets.py", line 125, in view
    return self.dispatch(request, *args, **kwargs)
  File "D:\anaconda3\envs\Django\lib\site-packages\rest_framework\views.py", line 509, in dispatch
    response = self.handle_exception(exc)
  File "D:\anaconda3\envs\Django\lib\site-packages\rest_framework\views.py", line 469, in handle_exception
    self.raise_uncaught_exception(exc)
  File "D:\anaconda3\envs\Django\lib\site-packages\rest_framework\views.py", line 480, in raise_uncaught_exception
    raise exc
  File "D:\anaconda3\envs\Django\lib\site-packages\rest_framework\views.py", line 506, in dispatch
    response = handler(request, *args, **kwargs)
TypeError: ReadByName() got an unexpected keyword argument 'pk'
[2023-08-28 14:29:56,061] [basehttp.py:161] [basehttp:log_message] [ERROR]- "GET /api/account/platform/3f2GFdcsZfQ8w3dXnGmS4Y/ReadByName/ HTTP/1.1" 500 99902
[2023-08-28 14:39:15,397] [autoreload.py:251] [autoreload:trigger_reload] [INFO]- E:\Work File\Background\BackEndServer\apps\Account\models.py changed, reloading.
[2023-08-28 14:39:17,744] [autoreload.py:637] [autoreload:run_with_reloader] [INFO]- Watching for file changes with StatReloader
[2023-08-28 14:40:41,408] [basehttp.py:161] [basehttp:log_message] [INFO]- "PATCH /api/account/account/ZqCqakP7ftUJrWkiEBYPfx/ HTTP/1.1" 200 1664
[2023-08-28 14:43:53,887] [autoreload.py:251] [autoreload:trigger_reload] [INFO]- E:\Work File\Background\BackEndServer\apps\Account\models.py changed, reloading.
[2023-08-28 14:43:56,161] [autoreload.py:637] [autoreload:run_with_reloader] [INFO]- Watching for file changes with StatReloader
[2023-08-28 14:44:47,674] [autoreload.py:251] [autoreload:trigger_reload] [INFO]- E:\Work File\Background\BackEndServer\apps\Account\models.py changed, reloading.
[2023-08-28 14:44:49,955] [autoreload.py:637] [autoreload:run_with_reloader] [INFO]- Watching for file changes with StatReloader
[2023-08-28 15:00:56,645] [autoreload.py:637] [autoreload:run_with_reloader] [INFO]- Watching for file changes with StatReloader
[2023-08-28 15:01:01,519] [basehttp.py:161] [basehttp:log_message] [INFO]- "GET / HTTP/1.1" 302 0
[2023-08-28 15:01:01,866] [basehttp.py:161] [basehttp:log_message] [INFO]- "GET /api/docs/ HTTP/1.1" 200 346434
[2023-08-28 15:01:01,974] [basehttp.py:161] [basehttp:log_message] [INFO]- "GET /api/docs/schema.js HTTP/1.1" 200 53756
[2023-08-28 15:01:21,731] [basehttp.py:161] [basehttp:log_message] [INFO]- "GET /api/account/account/ HTTP/1.1" 200 33
[2023-08-28 15:01:44,056] [basehttp.py:161] [basehttp:log_message] [INFO]- "GET /api/system/Info/get_UserInfo/ HTTP/1.1" 200 118
[2023-08-28 15:02:30,187] [basehttp.py:161] [basehttp:log_message] [INFO]- "POST /api/account/platform/ HTTP/1.1" 200 463
[2023-08-28 15:03:25,413] [basehttp.py:161] [basehttp:log_message] [INFO]- "POST /api/account/selector/ HTTP/1.1" 200 361
[2023-08-28 15:04:03,699] [basehttp.py:161] [basehttp:log_message] [INFO]- "POST /api/account/selector/ HTTP/1.1" 200 350
[2023-08-28 15:04:10,160] [basehttp.py:161] [basehttp:log_message] [INFO]- "GET /api/account/selector/ HTTP/1.1" 200 683
[2023-08-28 15:05:48,588] [basehttp.py:161] [basehttp:log_message] [INFO]- "GET /api/account/platform/ HTTP/1.1" 200 465
[2023-08-28 15:05:52,463] [basehttp.py:161] [basehttp:log_message] [INFO]- "GET /api/account/platform/ HTTP/1.1" 200 465
[2023-08-28 15:07:14,350] [autoreload.py:251] [autoreload:trigger_reload] [INFO]- E:\Work File\Background\BackEndServer\apps\Account\models.py changed, reloading.
[2023-08-28 15:07:16,696] [autoreload.py:637] [autoreload:run_with_reloader] [INFO]- Watching for file changes with StatReloader
[2023-08-28 15:07:51,570] [autoreload.py:637] [autoreload:run_with_reloader] [INFO]- Watching for file changes with StatReloader
[2023-08-28 15:08:31,544] [basehttp.py:161] [basehttp:log_message] [INFO]- "POST /api/account/account/ HTTP/1.1" 200 1663
[2023-08-28 15:08:38,180] [basehttp.py:161] [basehttp:log_message] [INFO]- "GET /api/account/account/ HTTP/1.1" 200 1665
[2023-08-28 15:09:43,701] [basehttp.py:161] [basehttp:log_message] [INFO]- "GET /api/account/account/ HTTP/1.1" 200 101
[2023-08-28 15:10:06,715] [basehttp.py:161] [basehttp:log_message] [INFO]- "GET /api/account/account/ HTTP/1.1" 200 101
[2023-08-28 15:10:22,195] [basehttp.py:161] [basehttp:log_message] [INFO]- "GET /api/account/account/ HTTP/1.1" 200 101
[2023-08-28 15:10:52,674] [basehttp.py:161] [basehttp:log_message] [INFO]- "POST /api/token/ HTTP/1.1" 200 576
[2023-08-28 15:11:28,317] [basehttp.py:161] [basehttp:log_message] [INFO]- "GET /api/account/account/ HTTP/1.1" 200 1665
[2023-08-28 15:11:43,510] [basehttp.py:161] [basehttp:log_message] [INFO]- "GET /api/account/account/ HTTP/1.1" 200 1665
[2023-08-28 15:14:46,005] [basehttp.py:161] [basehttp:log_message] [INFO]- "GET /api/account/account/ HTTP/1.1" 200 1665
[2023-08-28 15:14:46,968] [basehttp.py:161] [basehttp:log_message] [INFO]- "GET /api/account/platform/fkQ6wfsZwJe9y6CJNJkFcs/ HTTP/1.1" 200 463
[2023-08-28 15:21:09,706] [basehttp.py:161] [basehttp:log_message] [INFO]- "GET /api/account/account/ HTTP/1.1" 200 1665
[2023-08-28 15:21:10,784] [basehttp.py:161] [basehttp:log_message] [INFO]- "GET /api/account/platform/fkQ6wfsZwJe9y6CJNJkFcs/ HTTP/1.1" 200 463
[2023-08-28 15:21:31,927] [basehttp.py:161] [basehttp:log_message] [INFO]- "GET /api/account/account/ HTTP/1.1" 200 1665
[2023-08-28 15:21:32,960] [basehttp.py:161] [basehttp:log_message] [INFO]- "GET /api/account/platform/fkQ6wfsZwJe9y6CJNJkFcs/ HTTP/1.1" 200 463
[2023-08-28 15:29:52,071] [basehttp.py:161] [basehttp:log_message] [INFO]- "GET /api/account/account/ HTTP/1.1" 200 1665
[2023-08-28 15:29:53,033] [basehttp.py:161] [basehttp:log_message] [INFO]- "GET /api/account/platform/fkQ6wfsZwJe9y6CJNJkFcs/ HTTP/1.1" 200 463
[2023-08-28 15:30:42,629] [basehttp.py:161] [basehttp:log_message] [INFO]- "GET /api/account/account/ HTTP/1.1" 200 1665
[2023-08-28 15:30:43,586] [basehttp.py:161] [basehttp:log_message] [INFO]- "GET /api/account/platform/fkQ6wfsZwJe9y6CJNJkFcs/ HTTP/1.1" 200 463
[2023-08-28 15:32:18,562] [basehttp.py:161] [basehttp:log_message] [INFO]- "GET /api/account/account/ HTTP/1.1" 200 1665
[2023-08-28 15:32:19,519] [basehttp.py:161] [basehttp:log_message] [INFO]- "GET /api/account/platform/fkQ6wfsZwJe9y6CJNJkFcs/ HTTP/1.1" 200 463
[2023-08-28 15:34:04,310] [basehttp.py:161] [basehttp:log_message] [INFO]- "GET /api/account/account/ HTTP/1.1" 200 1665
[2023-08-28 15:34:05,280] [basehttp.py:161] [basehttp:log_message] [INFO]- "GET /api/account/platform/fkQ6wfsZwJe9y6CJNJkFcs/ HTTP/1.1" 200 463
[2023-08-28 15:34:29,448] [basehttp.py:161] [basehttp:log_message] [INFO]- "GET /api/account/account/ HTTP/1.1" 200 1665
[2023-08-28 15:34:30,414] [basehttp.py:161] [basehttp:log_message] [INFO]- "GET /api/account/platform/fkQ6wfsZwJe9y6CJNJkFcs/ HTTP/1.1" 200 463
[2023-08-28 15:34:58,816] [basehttp.py:161] [basehttp:log_message] [INFO]- "GET /api/account/account/ HTTP/1.1" 200 1665
[2023-08-28 15:34:59,794] [basehttp.py:161] [basehttp:log_message] [INFO]- "GET /api/account/platform/fkQ6wfsZwJe9y6CJNJkFcs/ HTTP/1.1" 200 463
[2023-08-28 15:36:13,531] [basehttp.py:161] [basehttp:log_message] [INFO]- "GET /api/account/account/ HTTP/1.1" 200 1665
[2023-08-28 15:36:14,471] [basehttp.py:161] [basehttp:log_message] [INFO]- "GET /api/account/platform/fkQ6wfsZwJe9y6CJNJkFcs/ HTTP/1.1" 200 463
[2023-08-28 15:37:40,192] [basehttp.py:161] [basehttp:log_message] [INFO]- "GET /api/account/account/ HTTP/1.1" 200 1665
[2023-08-28 15:37:41,534] [basehttp.py:161] [basehttp:log_message] [INFO]- "GET /api/account/platform/fkQ6wfsZwJe9y6CJNJkFcs/ HTTP/1.1" 200 463
[2023-08-28 15:39:23,605] [basehttp.py:161] [basehttp:log_message] [INFO]- "GET /api/account/account/ HTTP/1.1" 200 1665
[2023-08-28 15:39:24,557] [basehttp.py:161] [basehttp:log_message] [INFO]- "GET /api/account/platform/fkQ6wfsZwJe9y6CJNJkFcs/ HTTP/1.1" 200 463
[2023-08-28 15:39:58,038] [basehttp.py:161] [basehttp:log_message] [INFO]- "GET /api/account/account/ HTTP/1.1" 200 1665
[2023-08-28 15:39:59,003] [basehttp.py:161] [basehttp:log_message] [INFO]- "GET /api/account/platform/fkQ6wfsZwJe9y6CJNJkFcs/ HTTP/1.1" 200 463
[2023-08-28 15:44:36,207] [basehttp.py:161] [basehttp:log_message] [INFO]- "GET /api/account/account/ HTTP/1.1" 200 1665
[2023-08-28 15:44:37,156] [basehttp.py:161] [basehttp:log_message] [INFO]- "GET /api/account/platform/fkQ6wfsZwJe9y6CJNJkFcs/ HTTP/1.1" 200 463
[2023-08-28 15:48:17,666] [basehttp.py:161] [basehttp:log_message] [INFO]- "GET /api/account/account/ HTTP/1.1" 200 1665
[2023-08-28 15:48:18,615] [basehttp.py:161] [basehttp:log_message] [INFO]- "GET /api/account/platform/fkQ6wfsZwJe9y6CJNJkFcs/ HTTP/1.1" 200 463
[2023-08-28 15:54:16,795] [basehttp.py:161] [basehttp:log_message] [INFO]- "GET /api/account/account/ HTTP/1.1" 200 1665
[2023-08-28 15:54:17,752] [basehttp.py:161] [basehttp:log_message] [INFO]- "GET /api/account/platform/fkQ6wfsZwJe9y6CJNJkFcs/ HTTP/1.1" 200 463
[2023-08-28 15:54:18,751] [basehttp.py:161] [basehttp:log_message] [INFO]- "GET /api/account/account/ HTTP/1.1" 200 1665
[2023-08-28 15:54:19,714] [basehttp.py:161] [basehttp:log_message] [INFO]- "GET /api/account/platform/fkQ6wfsZwJe9y6CJNJkFcs/ HTTP/1.1" 200 463
[2023-08-28 16:01:34,325] [basehttp.py:161] [basehttp:log_message] [INFO]- "GET /api/account/account/ HTTP/1.1" 200 1665
[2023-08-28 16:01:35,263] [basehttp.py:161] [basehttp:log_message] [INFO]- "GET /api/account/platform/fkQ6wfsZwJe9y6CJNJkFcs/ HTTP/1.1" 200 463
[2023-08-28 16:03:05,087] [basehttp.py:161] [basehttp:log_message] [INFO]- "GET /api/account/account/ HTTP/1.1" 200 1665
[2023-08-28 16:03:06,017] [basehttp.py:161] [basehttp:log_message] [INFO]- "GET /api/account/platform/fkQ6wfsZwJe9y6CJNJkFcs/ HTTP/1.1" 200 463
[2023-08-28 16:03:06,981] [basehttp.py:161] [basehttp:log_message] [INFO]- "GET /api/account/account/ HTTP/1.1" 200 1665
[2023-08-28 16:03:07,937] [basehttp.py:161] [basehttp:log_message] [INFO]- "GET /api/account/platform/fkQ6wfsZwJe9y6CJNJkFcs/ HTTP/1.1" 200 463
[2023-08-28 16:12:03,587] [basehttp.py:161] [basehttp:log_message] [INFO]- "GET /api/account/account/ HTTP/1.1" 200 1665
[2023-08-28 16:12:04,546] [basehttp.py:161] [basehttp:log_message] [INFO]- "GET /api/account/platform/fkQ6wfsZwJe9y6CJNJkFcs/ HTTP/1.1" 200 463
[2023-08-28 16:12:05,537] [basehttp.py:161] [basehttp:log_message] [INFO]- "GET /api/account/account/ HTTP/1.1" 200 1665
[2023-08-28 16:12:06,495] [basehttp.py:161] [basehttp:log_message] [INFO]- "GET /api/account/platform/fkQ6wfsZwJe9y6CJNJkFcs/ HTTP/1.1" 200 463
[2023-08-28 16:12:33,055] [basehttp.py:161] [basehttp:log_message] [INFO]- "GET /api/account/account/ HTTP/1.1" 200 1665
[2023-08-28 16:12:34,006] [basehttp.py:161] [basehttp:log_message] [INFO]- "GET /api/account/platform/fkQ6wfsZwJe9y6CJNJkFcs/ HTTP/1.1" 200 463
[2023-08-28 16:12:44,960] [basehttp.py:161] [basehttp:log_message] [INFO]- "GET /api/account/account/ HTTP/1.1" 200 1665
[2023-08-28 16:12:45,897] [basehttp.py:161] [basehttp:log_message] [INFO]- "GET /api/account/platform/fkQ6wfsZwJe9y6CJNJkFcs/ HTTP/1.1" 200 463
[2023-08-28 16:12:46,883] [basehttp.py:161] [basehttp:log_message] [INFO]- "GET /api/account/account/ HTTP/1.1" 200 1665
[2023-08-28 16:12:47,843] [basehttp.py:161] [basehttp:log_message] [INFO]- "GET /api/account/platform/fkQ6wfsZwJe9y6CJNJkFcs/ HTTP/1.1" 200 463
[2023-08-28 16:13:43,496] [basehttp.py:161] [basehttp:log_message] [INFO]- "GET /api/account/account/ HTTP/1.1" 200 1665
[2023-08-28 16:13:44,466] [basehttp.py:161] [basehttp:log_message] [INFO]- "GET /api/account/platform/fkQ6wfsZwJe9y6CJNJkFcs/ HTTP/1.1" 200 463
[2023-08-28 16:13:45,449] [basehttp.py:161] [basehttp:log_message] [INFO]- "GET /api/account/account/ HTTP/1.1" 200 1665
[2023-08-28 16:13:46,429] [basehttp.py:161] [basehttp:log_message] [INFO]- "GET /api/account/platform/fkQ6wfsZwJe9y6CJNJkFcs/ HTTP/1.1" 200 463
[2023-08-28 16:23:35,050] [basehttp.py:161] [basehttp:log_message] [INFO]- "GET /api/system/Info/get_UserInfo/ HTTP/1.1" 200 118
[2023-08-28 16:23:36,005] [basehttp.py:161] [basehttp:log_message] [INFO]- "GET /api/account/account/ HTTP/1.1" 200 1665
[2023-08-28 16:23:36,962] [basehttp.py:161] [basehttp:log_message] [INFO]- "GET /api/account/platform/fkQ6wfsZwJe9y6CJNJkFcs/ HTTP/1.1" 200 463
[2023-08-28 16:23:37,864] [basehttp.py:161] [basehttp:log_message] [INFO]- "GET /api/system/Info/get_UserInfo/ HTTP/1.1" 200 118
[2023-08-28 16:23:38,819] [basehttp.py:161] [basehttp:log_message] [INFO]- "GET /api/account/account/ HTTP/1.1" 200 1665
[2023-08-28 16:23:39,792] [basehttp.py:161] [basehttp:log_message] [INFO]- "GET /api/account/platform/fkQ6wfsZwJe9y6CJNJkFcs/ HTTP/1.1" 200 463
[2023-08-28 16:26:13,212] [basehttp.py:161] [basehttp:log_message] [INFO]- "GET /api/system/Info/get_UserInfo/ HTTP/1.1" 200 118
[2023-08-28 16:26:14,172] [basehttp.py:161] [basehttp:log_message] [INFO]- "GET /api/account/account/ HTTP/1.1" 200 1665
[2023-08-28 16:26:15,115] [basehttp.py:161] [basehttp:log_message] [INFO]- "GET /api/account/platform/fkQ6wfsZwJe9y6CJNJkFcs/ HTTP/1.1" 200 463
[2023-08-28 16:26:16,017] [basehttp.py:161] [basehttp:log_message] [INFO]- "GET /api/system/Info/get_UserInfo/ HTTP/1.1" 200 118
[2023-08-28 16:26:16,987] [basehttp.py:161] [basehttp:log_message] [INFO]- "GET /api/account/account/ HTTP/1.1" 200 1665
[2023-08-28 16:26:17,948] [basehttp.py:161] [basehttp:log_message] [INFO]- "GET /api/account/platform/fkQ6wfsZwJe9y6CJNJkFcs/ HTTP/1.1" 200 463
[2023-08-28 16:27:14,144] [basehttp.py:161] [basehttp:log_message] [INFO]- "GET /api/system/Info/get_UserInfo/ HTTP/1.1" 200 118
[2023-08-28 16:27:15,078] [basehttp.py:161] [basehttp:log_message] [INFO]- "GET /api/account/account/ HTTP/1.1" 200 1665
[2023-08-28 16:27:16,034] [basehttp.py:161] [basehttp:log_message] [INFO]- "GET /api/account/platform/fkQ6wfsZwJe9y6CJNJkFcs/ HTTP/1.1" 200 463
[2023-08-28 16:27:16,921] [basehttp.py:161] [basehttp:log_message] [INFO]- "GET /api/system/Info/get_UserInfo/ HTTP/1.1" 200 118
[2023-08-28 16:27:17,871] [basehttp.py:161] [basehttp:log_message] [INFO]- "GET /api/account/account/ HTTP/1.1" 200 1665
[2023-08-28 16:27:18,844] [basehttp.py:161] [basehttp:log_message] [INFO]- "GET /api/account/platform/fkQ6wfsZwJe9y6CJNJkFcs/ HTTP/1.1" 200 463
[2023-08-28 16:27:43,340] [basehttp.py:161] [basehttp:log_message] [INFO]- "GET /api/system/Info/get_UserInfo/ HTTP/1.1" 200 118
[2023-08-28 16:27:44,295] [basehttp.py:161] [basehttp:log_message] [INFO]- "GET /api/account/account/ HTTP/1.1" 200 1665
[2023-08-28 16:27:45,252] [basehttp.py:161] [basehttp:log_message] [INFO]- "GET /api/account/platform/fkQ6wfsZwJe9y6CJNJkFcs/ HTTP/1.1" 200 463
[2023-08-28 16:27:46,139] [basehttp.py:161] [basehttp:log_message] [INFO]- "GET /api/system/Info/get_UserInfo/ HTTP/1.1" 200 118
[2023-08-28 16:27:47,093] [basehttp.py:161] [basehttp:log_message] [INFO]- "GET /api/account/account/ HTTP/1.1" 200 1665
[2023-08-28 16:27:48,033] [basehttp.py:161] [basehttp:log_message] [INFO]- "GET /api/account/platform/fkQ6wfsZwJe9y6CJNJkFcs/ HTTP/1.1" 200 463
[2023-08-28 16:29:47,864] [basehttp.py:161] [basehttp:log_message] [INFO]- "GET /api/system/Info/get_UserInfo/ HTTP/1.1" 200 118
[2023-08-28 16:29:48,827] [basehttp.py:161] [basehttp:log_message] [INFO]- "GET /api/account/account/ HTTP/1.1" 200 1665
[2023-08-28 16:29:49,772] [basehttp.py:161] [basehttp:log_message] [INFO]- "GET /api/account/platform/fkQ6wfsZwJe9y6CJNJkFcs/ HTTP/1.1" 200 463
[2023-08-28 16:29:50,652] [basehttp.py:161] [basehttp:log_message] [INFO]- "GET /api/system/Info/get_UserInfo/ HTTP/1.1" 200 118
[2023-08-28 16:29:51,589] [basehttp.py:161] [basehttp:log_message] [INFO]- "GET /api/account/account/ HTTP/1.1" 200 1665
[2023-08-28 16:29:52,521] [basehttp.py:161] [basehttp:log_message] [INFO]- "GET /api/account/platform/fkQ6wfsZwJe9y6CJNJkFcs/ HTTP/1.1" 200 463
[2023-08-28 16:30:32,031] [basehttp.py:161] [basehttp:log_message] [INFO]- "GET /api/system/Info/get_UserInfo/ HTTP/1.1" 200 118
[2023-08-28 16:30:32,990] [basehttp.py:161] [basehttp:log_message] [INFO]- "GET /api/account/account/ HTTP/1.1" 200 1665
[2023-08-28 16:30:33,942] [basehttp.py:161] [basehttp:log_message] [INFO]- "GET /api/account/platform/fkQ6wfsZwJe9y6CJNJkFcs/ HTTP/1.1" 200 463
[2023-08-28 16:32:26,520] [basehttp.py:161] [basehttp:log_message] [INFO]- "GET /api/account/account/ HTTP/1.1" 200 1665
[2023-08-28 16:43:25,814] [basehttp.py:161] [basehttp:log_message] [INFO]- "GET /api/system/Info/get_UserInfo/ HTTP/1.1" 200 118
[2023-08-28 16:43:26,760] [basehttp.py:161] [basehttp:log_message] [INFO]- "GET /api/account/account/ HTTP/1.1" 200 1665
[2023-08-28 16:43:27,719] [basehttp.py:161] [basehttp:log_message] [INFO]- "GET /api/account/platform/fkQ6wfsZwJe9y6CJNJkFcs/ HTTP/1.1" 200 463
[2023-08-28 16:43:28,618] [basehttp.py:161] [basehttp:log_message] [INFO]- "GET /api/system/Info/get_UserInfo/ HTTP/1.1" 200 118
[2023-08-28 16:43:29,581] [basehttp.py:161] [basehttp:log_message] [INFO]- "GET /api/account/account/ HTTP/1.1" 200 1665
[2023-08-28 16:43:30,532] [basehttp.py:161] [basehttp:log_message] [INFO]- "GET /api/account/platform/fkQ6wfsZwJe9y6CJNJkFcs/ HTTP/1.1" 200 463
[2023-08-28 16:44:40,998] [basehttp.py:161] [basehttp:log_message] [INFO]- "GET /api/system/Info/get_UserInfo/ HTTP/1.1" 200 118
[2023-08-28 16:44:41,964] [basehttp.py:161] [basehttp:log_message] [INFO]- "GET /api/account/account/ HTTP/1.1" 200 1665
[2023-08-28 16:44:42,927] [basehttp.py:161] [basehttp:log_message] [INFO]- "GET /api/account/platform/fkQ6wfsZwJe9y6CJNJkFcs/ HTTP/1.1" 200 463
[2023-08-28 16:44:43,812] [basehttp.py:161] [basehttp:log_message] [INFO]- "GET /api/system/Info/get_UserInfo/ HTTP/1.1" 200 118
[2023-08-28 16:44:44,757] [basehttp.py:161] [basehttp:log_message] [INFO]- "GET /api/account/account/ HTTP/1.1" 200 1665
[2023-08-28 16:44:45,701] [basehttp.py:161] [basehttp:log_message] [INFO]- "GET /api/account/platform/fkQ6wfsZwJe9y6CJNJkFcs/ HTTP/1.1" 200 463
[2023-08-28 16:49:21,182] [basehttp.py:161] [basehttp:log_message] [INFO]- "GET /api/system/Info/get_UserInfo/ HTTP/1.1" 200 118
[2023-08-28 16:49:22,130] [basehttp.py:161] [basehttp:log_message] [INFO]- "GET /api/account/account/ HTTP/1.1" 200 1665
[2023-08-28 16:49:23,068] [basehttp.py:161] [basehttp:log_message] [INFO]- "GET /api/account/platform/fkQ6wfsZwJe9y6CJNJkFcs/ HTTP/1.1" 200 463
[2023-08-28 16:49:23,965] [basehttp.py:161] [basehttp:log_message] [INFO]- "GET /api/system/Info/get_UserInfo/ HTTP/1.1" 200 118
[2023-08-28 16:49:24,922] [basehttp.py:161] [basehttp:log_message] [INFO]- "GET /api/account/account/ HTTP/1.1" 200 1665
[2023-08-28 16:49:25,864] [basehttp.py:161] [basehttp:log_message] [INFO]- "GET /api/account/platform/fkQ6wfsZwJe9y6CJNJkFcs/ HTTP/1.1" 200 463
[2023-08-28 16:49:45,793] [basehttp.py:161] [basehttp:log_message] [INFO]- "GET /api/system/Info/get_UserInfo/ HTTP/1.1" 200 118
[2023-08-28 16:49:46,746] [basehttp.py:161] [basehttp:log_message] [INFO]- "GET /api/account/account/ HTTP/1.1" 200 1665
[2023-08-28 16:49:47,707] [basehttp.py:161] [basehttp:log_message] [INFO]- "GET /api/account/platform/fkQ6wfsZwJe9y6CJNJkFcs/ HTTP/1.1" 200 463
[2023-08-28 16:49:48,581] [basehttp.py:161] [basehttp:log_message] [INFO]- "GET /api/system/Info/get_UserInfo/ HTTP/1.1" 200 118
[2023-08-28 16:49:49,540] [basehttp.py:161] [basehttp:log_message] [INFO]- "GET /api/account/account/ HTTP/1.1" 200 1665
[2023-08-28 16:49:50,497] [basehttp.py:161] [basehttp:log_message] [INFO]- "GET /api/account/platform/fkQ6wfsZwJe9y6CJNJkFcs/ HTTP/1.1" 200 463
[2023-08-28 17:25:01,877] [basehttp.py:161] [basehttp:log_message] [INFO]- "GET /api/system/Info/get_UserInfo/ HTTP/1.1" 200 118
[2023-08-28 17:25:02,822] [basehttp.py:161] [basehttp:log_message] [INFO]- "GET /api/account/account/ HTTP/1.1" 200 1665
[2023-08-28 17:25:03,778] [basehttp.py:161] [basehttp:log_message] [INFO]- "GET /api/account/platform/fkQ6wfsZwJe9y6CJNJkFcs/ HTTP/1.1" 200 463
[2023-08-28 17:25:04,682] [basehttp.py:161] [basehttp:log_message] [INFO]- "GET /api/system/Info/get_UserInfo/ HTTP/1.1" 200 118
[2023-08-28 17:25:05,656] [basehttp.py:161] [basehttp:log_message] [INFO]- "GET /api/account/account/ HTTP/1.1" 200 1665
[2023-08-28 17:25:06,603] [basehttp.py:161] [basehttp:log_message] [INFO]- "GET /api/account/platform/fkQ6wfsZwJe9y6CJNJkFcs/ HTTP/1.1" 200 463
[2023-08-28 17:36:38,403] [basehttp.py:161] [basehttp:log_message] [INFO]- "GET /api/system/Info/get_UserInfo/ HTTP/1.1" 200 118
[2023-08-28 17:36:39,345] [basehttp.py:161] [basehttp:log_message] [INFO]- "GET /api/account/account/ HTTP/1.1" 200 1665
[2023-08-28 17:36:40,305] [basehttp.py:161] [basehttp:log_message] [INFO]- "GET /api/account/platform/fkQ6wfsZwJe9y6CJNJkFcs/ HTTP/1.1" 200 463
[2023-08-28 17:36:54,207] [basehttp.py:161] [basehttp:log_message] [INFO]- "GET /api/system/Info/get_UserInfo/ HTTP/1.1" 200 118
[2023-08-28 17:36:55,180] [basehttp.py:161] [basehttp:log_message] [INFO]- "GET /api/account/account/ HTTP/1.1" 200 1665
[2023-08-28 17:36:56,127] [basehttp.py:161] [basehttp:log_message] [INFO]- "GET /api/account/platform/fkQ6wfsZwJe9y6CJNJkFcs/ HTTP/1.1" 200 463
[2023-08-28 17:46:41,491] [basehttp.py:161] [basehttp:log_message] [INFO]- "GET /api/system/Info/get_UserInfo/ HTTP/1.1" 200 118
[2023-08-28 17:46:42,435] [basehttp.py:161] [basehttp:log_message] [INFO]- "GET /api/account/account/ HTTP/1.1" 200 1665
[2023-08-28 17:46:43,398] [basehttp.py:161] [basehttp:log_message] [INFO]- "GET /api/account/platform/fkQ6wfsZwJe9y6CJNJkFcs/ HTTP/1.1" 200 463
[2023-08-29 09:37:50,884] [basehttp.py:161] [basehttp:log_message] [INFO]- "GET /api/system/Info/get_UserInfo/ HTTP/1.1" 200 118
[2023-08-29 09:37:51,816] [basehttp.py:161] [basehttp:log_message] [INFO]- "GET /api/account/account/ HTTP/1.1" 200 1665
[2023-08-29 09:37:52,768] [basehttp.py:161] [basehttp:log_message] [INFO]- "GET /api/account/platform/fkQ6wfsZwJe9y6CJNJkFcs/ HTTP/1.1" 200 463
[2023-08-29 09:38:12,176] [basehttp.py:161] [basehttp:log_message] [INFO]- "POST /api/token/ HTTP/1.1" 200 576
[2023-08-29 09:38:13,015] [basehttp.py:161] [basehttp:log_message] [INFO]- "GET /api/system/Info/get_UserInfo/ HTTP/1.1" 200 118
[2023-08-29 09:58:21,400] [basehttp.py:161] [basehttp:log_message] [INFO]- "GET /api/system/Info/get_UserInfo/ HTTP/1.1" 200 118
[2023-08-29 09:58:22,366] [basehttp.py:161] [basehttp:log_message] [INFO]- "GET /api/account/account/ HTTP/1.1" 200 1665
[2023-08-29 09:58:23,323] [basehttp.py:161] [basehttp:log_message] [INFO]- "GET /api/account/platform/fkQ6wfsZwJe9y6CJNJkFcs/ HTTP/1.1" 200 463
[2023-08-29 09:58:44,061] [basehttp.py:161] [basehttp:log_message] [INFO]- "POST /api/token/ HTTP/1.1" 200 576
[2023-08-29 09:58:44,913] [basehttp.py:161] [basehttp:log_message] [INFO]- "GET /api/system/Info/get_UserInfo/ HTTP/1.1" 200 118
[2023-08-29 09:59:13,313] [basehttp.py:161] [basehttp:log_message] [INFO]- "GET /api/system/Info/get_UserInfo/ HTTP/1.1" 200 118
[2023-08-29 09:59:14,279] [basehttp.py:161] [basehttp:log_message] [INFO]- "GET /api/account/account/ HTTP/1.1" 200 1665
[2023-08-29 09:59:15,235] [basehttp.py:161] [basehttp:log_message] [INFO]- "GET /api/account/platform/fkQ6wfsZwJe9y6CJNJkFcs/ HTTP/1.1" 200 463
[2023-08-29 09:59:47,532] [basehttp.py:161] [basehttp:log_message] [INFO]- "GET /api/system/Info/get_UserInfo/ HTTP/1.1" 200 118
[2023-08-29 09:59:48,505] [basehttp.py:161] [basehttp:log_message] [INFO]- "GET /api/account/account/ HTTP/1.1" 200 1665
[2023-08-29 09:59:49,460] [basehttp.py:161] [basehttp:log_message] [INFO]- "GET /api/account/platform/fkQ6wfsZwJe9y6CJNJkFcs/ HTTP/1.1" 200 463
[2023-08-29 10:02:46,325] [basehttp.py:161] [basehttp:log_message] [INFO]- "GET /api/system/Info/get_UserInfo/ HTTP/1.1" 200 118
[2023-08-29 10:02:47,265] [basehttp.py:161] [basehttp:log_message] [INFO]- "GET /api/account/account/ HTTP/1.1" 200 1665
[2023-08-29 10:02:48,224] [basehttp.py:161] [basehttp:log_message] [INFO]- "GET /api/account/platform/fkQ6wfsZwJe9y6CJNJkFcs/ HTTP/1.1" 200 463
[2023-08-29 10:02:53,518] [basehttp.py:161] [basehttp:log_message] [INFO]- "GET /api/system/Info/get_UserInfo/ HTTP/1.1" 200 118
[2023-08-29 10:02:54,480] [basehttp.py:161] [basehttp:log_message] [INFO]- "GET /api/account/account/ HTTP/1.1" 200 1665
[2023-08-29 10:02:55,436] [basehttp.py:161] [basehttp:log_message] [INFO]- "GET /api/account/platform/fkQ6wfsZwJe9y6CJNJkFcs/ HTTP/1.1" 200 463
[2023-08-29 10:03:20,344] [basehttp.py:161] [basehttp:log_message] [INFO]- "POST /api/token/ HTTP/1.1" 200 576
[2023-08-29 10:03:21,202] [basehttp.py:161] [basehttp:log_message] [INFO]- "GET /api/system/Info/get_UserInfo/ HTTP/1.1" 200 118
[2023-08-29 10:04:00,031] [basehttp.py:161] [basehttp:log_message] [INFO]- "GET /api/system/Info/get_UserInfo/ HTTP/1.1" 200 118
[2023-08-29 10:04:00,975] [basehttp.py:161] [basehttp:log_message] [INFO]- "GET /api/account/account/ HTTP/1.1" 200 1665
[2023-08-29 10:04:01,905] [basehttp.py:161] [basehttp:log_message] [INFO]- "GET /api/account/platform/fkQ6wfsZwJe9y6CJNJkFcs/ HTTP/1.1" 200 463
[2023-08-29 10:04:20,673] [basehttp.py:161] [basehttp:log_message] [INFO]- "GET /api/system/Info/get_UserInfo/ HTTP/1.1" 200 118
[2023-08-29 10:04:21,607] [basehttp.py:161] [basehttp:log_message] [INFO]- "GET /api/account/account/ HTTP/1.1" 200 1665
[2023-08-29 10:04:22,543] [basehttp.py:161] [basehttp:log_message] [INFO]- "GET /api/account/platform/fkQ6wfsZwJe9y6CJNJkFcs/ HTTP/1.1" 200 463
[2023-08-29 10:04:23,447] [basehttp.py:161] [basehttp:log_message] [INFO]- "GET /api/system/Info/get_UserInfo/ HTTP/1.1" 200 118
[2023-08-29 10:04:24,398] [basehttp.py:161] [basehttp:log_message] [INFO]- "GET /api/account/account/ HTTP/1.1" 200 1665
[2023-08-29 10:04:25,337] [basehttp.py:161] [basehttp:log_message] [INFO]- "GET /api/account/platform/fkQ6wfsZwJe9y6CJNJkFcs/ HTTP/1.1" 200 463
[2023-08-29 10:05:38,620] [basehttp.py:161] [basehttp:log_message] [INFO]- "GET /api/system/Info/get_UserInfo/ HTTP/1.1" 200 118
[2023-08-29 10:05:39,565] [basehttp.py:161] [basehttp:log_message] [INFO]- "GET /api/account/account/ HTTP/1.1" 200 1665
[2023-08-29 10:05:40,521] [basehttp.py:161] [basehttp:log_message] [INFO]- "GET /api/account/platform/fkQ6wfsZwJe9y6CJNJkFcs/ HTTP/1.1" 200 463
[2023-08-29 10:05:41,422] [basehttp.py:161] [basehttp:log_message] [INFO]- "GET /api/system/Info/get_UserInfo/ HTTP/1.1" 200 118
[2023-08-29 10:05:42,384] [basehttp.py:161] [basehttp:log_message] [INFO]- "GET /api/account/account/ HTTP/1.1" 200 1665
[2023-08-29 10:05:43,323] [basehttp.py:161] [basehttp:log_message] [INFO]- "GET /api/account/platform/fkQ6wfsZwJe9y6CJNJkFcs/ HTTP/1.1" 200 463
[2023-08-29 10:19:34,715] [basehttp.py:161] [basehttp:log_message] [INFO]- "GET /api/system/Info/get_UserInfo/ HTTP/1.1" 200 118
[2023-08-29 10:19:35,678] [basehttp.py:161] [basehttp:log_message] [INFO]- "GET /api/account/account/ HTTP/1.1" 200 1665
[2023-08-29 10:19:36,636] [basehttp.py:161] [basehttp:log_message] [INFO]- "GET /api/account/platform/fkQ6wfsZwJe9y6CJNJkFcs/ HTTP/1.1" 200 463
[2023-08-29 10:19:37,875] [basehttp.py:161] [basehttp:log_message] [INFO]- "GET /api/system/Info/get_UserInfo/ HTTP/1.1" 200 118
[2023-08-29 10:19:38,818] [basehttp.py:161] [basehttp:log_message] [INFO]- "GET /api/account/account/ HTTP/1.1" 200 1665
[2023-08-29 10:19:39,788] [basehttp.py:161] [basehttp:log_message] [INFO]- "GET /api/account/platform/fkQ6wfsZwJe9y6CJNJkFcs/ HTTP/1.1" 200 463
[2023-08-29 10:20:02,804] [basehttp.py:161] [basehttp:log_message] [INFO]- "GET /api/system/Info/get_UserInfo/ HTTP/1.1" 200 118
[2023-08-29 10:20:03,755] [basehttp.py:161] [basehttp:log_message] [INFO]- "GET /api/account/account/ HTTP/1.1" 200 1665
[2023-08-29 10:20:04,697] [basehttp.py:161] [basehttp:log_message] [INFO]- "GET /api/account/platform/fkQ6wfsZwJe9y6CJNJkFcs/ HTTP/1.1" 200 463
[2023-08-29 10:20:05,928] [basehttp.py:161] [basehttp:log_message] [INFO]- "GET /api/system/Info/get_UserInfo/ HTTP/1.1" 200 118
[2023-08-29 10:20:06,917] [basehttp.py:161] [basehttp:log_message] [INFO]- "GET /api/account/account/ HTTP/1.1" 200 1665
[2023-08-29 10:20:07,872] [basehttp.py:161] [basehttp:log_message] [INFO]- "GET /api/account/platform/fkQ6wfsZwJe9y6CJNJkFcs/ HTTP/1.1" 200 463
[2023-08-29 10:23:39,593] [basehttp.py:161] [basehttp:log_message] [INFO]- "GET /api/system/Info/get_UserInfo/ HTTP/1.1" 200 118
[2023-08-29 10:23:40,533] [basehttp.py:161] [basehttp:log_message] [INFO]- "GET /api/account/account/ HTTP/1.1" 200 1665
[2023-08-29 10:23:41,471] [basehttp.py:161] [basehttp:log_message] [INFO]- "GET /api/account/platform/fkQ6wfsZwJe9y6CJNJkFcs/ HTTP/1.1" 200 463
[2023-08-29 10:23:42,727] [basehttp.py:161] [basehttp:log_message] [INFO]- "GET /api/system/Info/get_UserInfo/ HTTP/1.1" 200 118
[2023-08-29 10:23:43,687] [basehttp.py:161] [basehttp:log_message] [INFO]- "GET /api/account/account/ HTTP/1.1" 200 1665
[2023-08-29 10:23:44,636] [basehttp.py:161] [basehttp:log_message] [INFO]- "GET /api/account/platform/fkQ6wfsZwJe9y6CJNJkFcs/ HTTP/1.1" 200 463
[2023-08-29 10:27:24,587] [basehttp.py:161] [basehttp:log_message] [INFO]- "GET /api/system/Info/get_UserInfo/ HTTP/1.1" 200 118
[2023-08-29 10:27:25,538] [basehttp.py:161] [basehttp:log_message] [INFO]- "GET /api/account/account/ HTTP/1.1" 200 1665
[2023-08-29 10:27:26,481] [basehttp.py:161] [basehttp:log_message] [INFO]- "GET /api/account/platform/fkQ6wfsZwJe9y6CJNJkFcs/ HTTP/1.1" 200 463
[2023-08-29 10:27:27,710] [basehttp.py:161] [basehttp:log_message] [INFO]- "GET /api/system/Info/get_UserInfo/ HTTP/1.1" 200 118
[2023-08-29 10:27:28,658] [basehttp.py:161] [basehttp:log_message] [INFO]- "GET /api/account/account/ HTTP/1.1" 200 1665
[2023-08-29 10:27:29,618] [basehttp.py:161] [basehttp:log_message] [INFO]- "GET /api/account/platform/fkQ6wfsZwJe9y6CJNJkFcs/ HTTP/1.1" 200 463
[2023-08-29 10:45:10,408] [basehttp.py:161] [basehttp:log_message] [INFO]- "GET /api/system/Info/get_UserInfo/ HTTP/1.1" 200 118
[2023-08-29 10:45:11,371] [basehttp.py:161] [basehttp:log_message] [INFO]- "GET /api/account/account/ HTTP/1.1" 200 1665
[2023-08-29 10:45:12,303] [basehttp.py:161] [basehttp:log_message] [INFO]- "GET /api/account/platform/fkQ6wfsZwJe9y6CJNJkFcs/ HTTP/1.1" 200 463
[2023-08-29 10:45:13,521] [basehttp.py:161] [basehttp:log_message] [INFO]- "GET /api/system/Info/get_UserInfo/ HTTP/1.1" 200 118
[2023-08-29 10:45:14,467] [basehttp.py:161] [basehttp:log_message] [INFO]- "GET /api/account/account/ HTTP/1.1" 200 1665
[2023-08-29 10:45:15,415] [basehttp.py:161] [basehttp:log_message] [INFO]- "GET /api/account/platform/fkQ6wfsZwJe9y6CJNJkFcs/ HTTP/1.1" 200 463
[2023-08-29 10:45:27,887] [basehttp.py:161] [basehttp:log_message] [INFO]- "GET /api/system/Info/get_UserInfo/ HTTP/1.1" 200 118
[2023-08-29 10:45:28,842] [basehttp.py:161] [basehttp:log_message] [INFO]- "GET /api/account/account/ HTTP/1.1" 200 1665
[2023-08-29 10:45:29,806] [basehttp.py:161] [basehttp:log_message] [INFO]- "GET /api/account/platform/fkQ6wfsZwJe9y6CJNJkFcs/ HTTP/1.1" 200 463
[2023-08-29 10:45:31,015] [basehttp.py:161] [basehttp:log_message] [INFO]- "GET /api/system/Info/get_UserInfo/ HTTP/1.1" 200 118
[2023-08-29 10:45:31,970] [basehttp.py:161] [basehttp:log_message] [INFO]- "GET /api/account/account/ HTTP/1.1" 200 1665
[2023-08-29 10:45:32,925] [basehttp.py:161] [basehttp:log_message] [INFO]- "GET /api/account/platform/fkQ6wfsZwJe9y6CJNJkFcs/ HTTP/1.1" 200 463
[2023-08-29 10:46:36,979] [basehttp.py:161] [basehttp:log_message] [INFO]- "GET /api/system/Info/get_UserInfo/ HTTP/1.1" 200 118
[2023-08-29 10:46:37,898] [basehttp.py:161] [basehttp:log_message] [INFO]- "GET /api/account/account/ HTTP/1.1" 200 1665
[2023-08-29 10:46:38,831] [basehttp.py:161] [basehttp:log_message] [INFO]- "GET /api/account/platform/fkQ6wfsZwJe9y6CJNJkFcs/ HTTP/1.1" 200 463
[2023-08-29 10:46:40,008] [basehttp.py:161] [basehttp:log_message] [INFO]- "GET /api/system/Info/get_UserInfo/ HTTP/1.1" 200 118
[2023-08-29 10:46:40,960] [basehttp.py:161] [basehttp:log_message] [INFO]- "GET /api/account/account/ HTTP/1.1" 200 1665
[2023-08-29 10:46:41,916] [basehttp.py:161] [basehttp:log_message] [INFO]- "GET /api/account/platform/fkQ6wfsZwJe9y6CJNJkFcs/ HTTP/1.1" 200 463
[2023-08-29 10:47:03,708] [basehttp.py:161] [basehttp:log_message] [INFO]- "GET /api/system/Info/get_UserInfo/ HTTP/1.1" 200 118
[2023-08-29 10:47:04,676] [basehttp.py:161] [basehttp:log_message] [INFO]- "GET /api/account/account/ HTTP/1.1" 200 1665
[2023-08-29 10:47:05,636] [basehttp.py:161] [basehttp:log_message] [INFO]- "GET /api/account/platform/fkQ6wfsZwJe9y6CJNJkFcs/ HTTP/1.1" 200 463
[2023-08-29 10:47:06,876] [basehttp.py:161] [basehttp:log_message] [INFO]- "GET /api/system/Info/get_UserInfo/ HTTP/1.1" 200 118
[2023-08-29 10:47:07,821] [basehttp.py:161] [basehttp:log_message] [INFO]- "GET /api/account/account/ HTTP/1.1" 200 1665
[2023-08-29 10:47:08,786] [basehttp.py:161] [basehttp:log_message] [INFO]- "GET /api/account/platform/fkQ6wfsZwJe9y6CJNJkFcs/ HTTP/1.1" 200 463
[2023-08-29 10:47:21,827] [basehttp.py:161] [basehttp:log_message] [INFO]- "GET /api/system/Info/get_UserInfo/ HTTP/1.1" 200 118
[2023-08-29 10:47:22,778] [basehttp.py:161] [basehttp:log_message] [INFO]- "GET /api/account/account/ HTTP/1.1" 200 1665
[2023-08-29 10:47:23,711] [basehttp.py:161] [basehttp:log_message] [INFO]- "GET /api/account/platform/fkQ6wfsZwJe9y6CJNJkFcs/ HTTP/1.1" 200 463
[2023-08-29 10:47:24,934] [basehttp.py:161] [basehttp:log_message] [INFO]- "GET /api/system/Info/get_UserInfo/ HTTP/1.1" 200 118
[2023-08-29 10:47:25,884] [basehttp.py:161] [basehttp:log_message] [INFO]- "GET /api/account/account/ HTTP/1.1" 200 1665
[2023-08-29 10:47:26,851] [basehttp.py:161] [basehttp:log_message] [INFO]- "GET /api/account/platform/fkQ6wfsZwJe9y6CJNJkFcs/ HTTP/1.1" 200 463
[2023-08-29 10:47:37,365] [basehttp.py:161] [basehttp:log_message] [INFO]- "GET /api/system/Info/get_UserInfo/ HTTP/1.1" 200 118
[2023-08-29 10:47:38,323] [basehttp.py:161] [basehttp:log_message] [INFO]- "GET /api/account/account/ HTTP/1.1" 200 1665
[2023-08-29 10:47:39,285] [basehttp.py:161] [basehttp:log_message] [INFO]- "GET /api/account/platform/fkQ6wfsZwJe9y6CJNJkFcs/ HTTP/1.1" 200 463
[2023-08-29 10:47:40,515] [basehttp.py:161] [basehttp:log_message] [INFO]- "GET /api/system/Info/get_UserInfo/ HTTP/1.1" 200 118
[2023-08-29 10:47:41,459] [basehttp.py:161] [basehttp:log_message] [INFO]- "GET /api/account/account/ HTTP/1.1" 200 1665
[2023-08-29 10:47:42,413] [basehttp.py:161] [basehttp:log_message] [INFO]- "GET /api/account/platform/fkQ6wfsZwJe9y6CJNJkFcs/ HTTP/1.1" 200 463
[2023-08-29 10:50:13,992] [basehttp.py:161] [basehttp:log_message] [INFO]- "GET /api/system/Info/get_UserInfo/ HTTP/1.1" 200 118
[2023-08-29 10:50:14,949] [basehttp.py:161] [basehttp:log_message] [INFO]- "GET /api/account/account/ HTTP/1.1" 200 1665
[2023-08-29 10:50:15,912] [basehttp.py:161] [basehttp:log_message] [INFO]- "GET /api/account/platform/fkQ6wfsZwJe9y6CJNJkFcs/ HTTP/1.1" 200 463
[2023-08-29 10:50:17,141] [basehttp.py:161] [basehttp:log_message] [INFO]- "GET /api/system/Info/get_UserInfo/ HTTP/1.1" 200 118
[2023-08-29 10:50:18,093] [basehttp.py:161] [basehttp:log_message] [INFO]- "GET /api/account/account/ HTTP/1.1" 200 1665
[2023-08-29 10:50:19,071] [basehttp.py:161] [basehttp:log_message] [INFO]- "GET /api/account/platform/fkQ6wfsZwJe9y6CJNJkFcs/ HTTP/1.1" 200 463
[2023-08-29 10:53:45,007] [basehttp.py:161] [basehttp:log_message] [INFO]- "GET /api/system/Info/get_UserInfo/ HTTP/1.1" 200 118
[2023-08-29 10:53:45,965] [basehttp.py:161] [basehttp:log_message] [INFO]- "GET /api/account/account/ HTTP/1.1" 200 1665
[2023-08-29 10:53:46,908] [basehttp.py:161] [basehttp:log_message] [INFO]- "GET /api/account/platform/fkQ6wfsZwJe9y6CJNJkFcs/ HTTP/1.1" 200 463
[2023-08-29 10:53:48,144] [basehttp.py:161] [basehttp:log_message] [INFO]- "GET /api/system/Info/get_UserInfo/ HTTP/1.1" 200 118
[2023-08-29 10:53:49,105] [basehttp.py:161] [basehttp:log_message] [INFO]- "GET /api/account/account/ HTTP/1.1" 200 1665
[2023-08-29 10:53:50,051] [basehttp.py:161] [basehttp:log_message] [INFO]- "GET /api/account/platform/fkQ6wfsZwJe9y6CJNJkFcs/ HTTP/1.1" 200 463
[2023-08-29 10:55:01,967] [basehttp.py:161] [basehttp:log_message] [INFO]- "GET /api/system/Info/get_UserInfo/ HTTP/1.1" 200 118
[2023-08-29 10:55:02,926] [basehttp.py:161] [basehttp:log_message] [INFO]- "GET /api/account/account/ HTTP/1.1" 200 1665
[2023-08-29 10:55:03,870] [basehttp.py:161] [basehttp:log_message] [INFO]- "GET /api/account/platform/fkQ6wfsZwJe9y6CJNJkFcs/ HTTP/1.1" 200 463
[2023-08-29 10:55:05,119] [basehttp.py:161] [basehttp:log_message] [INFO]- "GET /api/system/Info/get_UserInfo/ HTTP/1.1" 200 118
[2023-08-29 10:55:06,088] [basehttp.py:161] [basehttp:log_message] [INFO]- "GET /api/account/account/ HTTP/1.1" 200 1665
[2023-08-29 10:55:07,019] [basehttp.py:161] [basehttp:log_message] [INFO]- "GET /api/account/platform/fkQ6wfsZwJe9y6CJNJkFcs/ HTTP/1.1" 200 463
[2023-08-29 10:57:18,487] [basehttp.py:161] [basehttp:log_message] [INFO]- "GET /api/system/Info/get_UserInfo/ HTTP/1.1" 200 118
[2023-08-29 10:57:19,438] [basehttp.py:161] [basehttp:log_message] [INFO]- "GET /api/account/account/ HTTP/1.1" 200 1665
[2023-08-29 10:57:20,397] [basehttp.py:161] [basehttp:log_message] [INFO]- "GET /api/account/platform/fkQ6wfsZwJe9y6CJNJkFcs/ HTTP/1.1" 200 463
[2023-08-29 10:57:21,612] [basehttp.py:161] [basehttp:log_message] [INFO]- "GET /api/system/Info/get_UserInfo/ HTTP/1.1" 200 118
[2023-08-29 10:57:22,573] [basehttp.py:161] [basehttp:log_message] [INFO]- "GET /api/account/account/ HTTP/1.1" 200 1665
[2023-08-29 10:57:23,530] [basehttp.py:161] [basehttp:log_message] [INFO]- "GET /api/account/platform/fkQ6wfsZwJe9y6CJNJkFcs/ HTTP/1.1" 200 463
[2023-08-29 11:00:01,951] [basehttp.py:161] [basehttp:log_message] [INFO]- "GET /api/system/Info/get_UserInfo/ HTTP/1.1" 200 118
[2023-08-29 11:00:02,904] [basehttp.py:161] [basehttp:log_message] [INFO]- "GET /api/account/account/ HTTP/1.1" 200 1665
[2023-08-29 11:00:03,828] [basehttp.py:161] [basehttp:log_message] [INFO]- "GET /api/account/platform/fkQ6wfsZwJe9y6CJNJkFcs/ HTTP/1.1" 200 463
[2023-08-29 11:00:05,065] [basehttp.py:161] [basehttp:log_message] [INFO]- "GET /api/system/Info/get_UserInfo/ HTTP/1.1" 200 118
[2023-08-29 11:00:06,027] [basehttp.py:161] [basehttp:log_message] [INFO]- "GET /api/account/account/ HTTP/1.1" 200 1665
[2023-08-29 11:00:06,984] [basehttp.py:161] [basehttp:log_message] [INFO]- "GET /api/account/platform/fkQ6wfsZwJe9y6CJNJkFcs/ HTTP/1.1" 200 463
[2023-08-29 11:10:27,528] [basehttp.py:161] [basehttp:log_message] [INFO]- "GET /api/system/Info/get_UserInfo/ HTTP/1.1" 200 118
[2023-08-29 11:10:28,476] [basehttp.py:161] [basehttp:log_message] [INFO]- "GET /api/account/account/ HTTP/1.1" 200 1665
[2023-08-29 11:10:29,420] [basehttp.py:161] [basehttp:log_message] [INFO]- "GET /api/account/platform/fkQ6wfsZwJe9y6CJNJkFcs/ HTTP/1.1" 200 463
[2023-08-29 11:10:30,671] [basehttp.py:161] [basehttp:log_message] [INFO]- "GET /api/system/Info/get_UserInfo/ HTTP/1.1" 200 118
[2023-08-29 11:10:31,614] [basehttp.py:161] [basehttp:log_message] [INFO]- "GET /api/account/account/ HTTP/1.1" 200 1665
[2023-08-29 11:10:32,550] [basehttp.py:161] [basehttp:log_message] [INFO]- "GET /api/account/platform/fkQ6wfsZwJe9y6CJNJkFcs/ HTTP/1.1" 200 463
[2023-08-29 11:11:58,711] [basehttp.py:161] [basehttp:log_message] [INFO]- "GET /api/system/Info/get_UserInfo/ HTTP/1.1" 200 118
[2023-08-29 11:11:59,650] [basehttp.py:161] [basehttp:log_message] [INFO]- "GET /api/account/account/ HTTP/1.1" 200 1665
[2023-08-29 11:12:00,592] [basehttp.py:161] [basehttp:log_message] [INFO]- "GET /api/account/platform/fkQ6wfsZwJe9y6CJNJkFcs/ HTTP/1.1" 200 463
[2023-08-29 11:12:01,823] [basehttp.py:161] [basehttp:log_message] [INFO]- "GET /api/system/Info/get_UserInfo/ HTTP/1.1" 200 118
[2023-08-29 11:12:02,770] [basehttp.py:161] [basehttp:log_message] [INFO]- "GET /api/account/account/ HTTP/1.1" 200 1665
[2023-08-29 11:12:03,701] [basehttp.py:161] [basehttp:log_message] [INFO]- "GET /api/account/platform/fkQ6wfsZwJe9y6CJNJkFcs/ HTTP/1.1" 200 463
[2023-08-29 13:49:20,752] [autoreload.py:251] [autoreload:trigger_reload] [INFO]- D:\anaconda3\envs\Django\Lib\site-packages\urllib3\util\timeout.py changed, reloading.
