[2023-08-26 11:22:02,185] [autoreload.py:637] [autoreload:run_with_reloader] [INFO]- Watching for file changes with StatReloader
[2023-08-26 11:22:04,165] [autoreload.py:251] [autoreload:trigger_reload] [INFO]- E:\Work File\Background\BackEndServer\apps\Account\models.py changed, reloading.
[2023-08-26 11:22:06,436] [autoreload.py:637] [autoreload:run_with_reloader] [INFO]- Watching for file changes with StatReloader
[2023-08-26 11:22:26,808] [autoreload.py:251] [autoreload:trigger_reload] [INFO]- E:\Work File\Background\BackEndServer\apps\Account\models.py changed, reloading.
[2023-08-26 11:22:29,047] [autoreload.py:637] [autoreload:run_with_reloader] [INFO]- Watching for file changes with StatReloader
[2023-08-26 11:22:33,324] [autoreload.py:251] [autoreload:trigger_reload] [INFO]- E:\Work File\Background\BackEndServer\apps\Account\models.py changed, reloading.
[2023-08-26 11:22:35,581] [autoreload.py:637] [autoreload:run_with_reloader] [INFO]- Watching for file changes with StatReloader
[2023-08-26 11:22:37,389] [autoreload.py:251] [autoreload:trigger_reload] [INFO]- E:\Work File\Background\BackEndServer\apps\Account\models.py changed, reloading.
[2023-08-26 11:22:39,704] [autoreload.py:637] [autoreload:run_with_reloader] [INFO]- Watching for file changes with StatReloader
[2023-08-26 11:22:53,902] [autoreload.py:251] [autoreload:trigger_reload] [INFO]- E:\Work File\Background\BackEndServer\apps\Account\models.py changed, reloading.
[2023-08-26 11:22:56,257] [autoreload.py:637] [autoreload:run_with_reloader] [INFO]- Watching for file changes with StatReloader
[2023-08-26 11:22:59,078] [autoreload.py:251] [autoreload:trigger_reload] [INFO]- E:\Work File\Background\BackEndServer\apps\Account\models.py changed, reloading.
[2023-08-26 11:23:01,405] [autoreload.py:637] [autoreload:run_with_reloader] [INFO]- Watching for file changes with StatReloader
[2023-08-26 11:23:07,977] [autoreload.py:251] [autoreload:trigger_reload] [INFO]- E:\Work File\Background\BackEndServer\apps\Account\models.py changed, reloading.
[2023-08-26 11:23:10,324] [autoreload.py:637] [autoreload:run_with_reloader] [INFO]- Watching for file changes with StatReloader
[2023-08-26 11:23:14,378] [autoreload.py:251] [autoreload:trigger_reload] [INFO]- E:\Work File\Background\BackEndServer\apps\Account\models.py changed, reloading.
[2023-08-26 11:23:16,741] [autoreload.py:637] [autoreload:run_with_reloader] [INFO]- Watching for file changes with StatReloader
[2023-08-26 11:23:24,543] [autoreload.py:251] [autoreload:trigger_reload] [INFO]- E:\Work File\Background\BackEndServer\apps\Account\models.py changed, reloading.
[2023-08-26 11:23:26,936] [autoreload.py:637] [autoreload:run_with_reloader] [INFO]- Watching for file changes with StatReloader
[2023-08-26 11:23:52,590] [autoreload.py:251] [autoreload:trigger_reload] [INFO]- E:\Work File\Background\BackEndServer\apps\Account\models.py changed, reloading.
[2023-08-26 11:23:54,941] [autoreload.py:637] [autoreload:run_with_reloader] [INFO]- Watching for file changes with StatReloader
[2023-08-26 11:24:02,642] [autoreload.py:251] [autoreload:trigger_reload] [INFO]- E:\Work File\Background\BackEndServer\apps\Account\models.py changed, reloading.
[2023-08-26 11:24:04,975] [autoreload.py:637] [autoreload:run_with_reloader] [INFO]- Watching for file changes with StatReloader
[2023-08-26 11:24:13,466] [autoreload.py:251] [autoreload:trigger_reload] [INFO]- E:\Work File\Background\BackEndServer\apps\Account\models.py changed, reloading.
[2023-08-26 11:24:15,784] [autoreload.py:637] [autoreload:run_with_reloader] [INFO]- Watching for file changes with StatReloader
[2023-08-26 11:31:44,914] [autoreload.py:251] [autoreload:trigger_reload] [INFO]- E:\Work File\Background\BackEndServer\apps\Account\models.py changed, reloading.
[2023-08-26 11:31:47,310] [autoreload.py:637] [autoreload:run_with_reloader] [INFO]- Watching for file changes with StatReloader
[2023-08-26 11:31:55,165] [autoreload.py:251] [autoreload:trigger_reload] [INFO]- E:\Work File\Background\BackEndServer\apps\Account\models.py changed, reloading.
[2023-08-26 11:31:57,520] [autoreload.py:637] [autoreload:run_with_reloader] [INFO]- Watching for file changes with StatReloader
[2023-08-26 11:32:00,267] [autoreload.py:251] [autoreload:trigger_reload] [INFO]- E:\Work File\Background\BackEndServer\apps\Account\models.py changed, reloading.
[2023-08-26 11:32:02,616] [autoreload.py:637] [autoreload:run_with_reloader] [INFO]- Watching for file changes with StatReloader
[2023-08-26 11:32:14,324] [autoreload.py:251] [autoreload:trigger_reload] [INFO]- E:\Work File\Background\BackEndServer\apps\Account\models.py changed, reloading.
[2023-08-26 11:32:16,679] [autoreload.py:637] [autoreload:run_with_reloader] [INFO]- Watching for file changes with StatReloader
[2023-08-26 11:32:24,576] [autoreload.py:251] [autoreload:trigger_reload] [INFO]- E:\Work File\Background\BackEndServer\apps\Account\models.py changed, reloading.
[2023-08-26 11:32:26,906] [autoreload.py:637] [autoreload:run_with_reloader] [INFO]- Watching for file changes with StatReloader
[2023-08-26 11:32:28,750] [autoreload.py:251] [autoreload:trigger_reload] [INFO]- E:\Work File\Background\BackEndServer\apps\Account\models.py changed, reloading.
[2023-08-26 11:32:31,039] [autoreload.py:637] [autoreload:run_with_reloader] [INFO]- Watching for file changes with StatReloader
[2023-08-26 11:32:32,908] [autoreload.py:251] [autoreload:trigger_reload] [INFO]- E:\Work File\Background\BackEndServer\apps\Account\models.py changed, reloading.
[2023-08-26 11:32:35,214] [autoreload.py:637] [autoreload:run_with_reloader] [INFO]- Watching for file changes with StatReloader
[2023-08-26 11:32:48,277] [autoreload.py:251] [autoreload:trigger_reload] [INFO]- E:\Work File\Background\BackEndServer\apps\Account\models.py changed, reloading.
[2023-08-26 11:32:50,571] [autoreload.py:637] [autoreload:run_with_reloader] [INFO]- Watching for file changes with StatReloader
[2023-08-26 11:32:57,040] [autoreload.py:251] [autoreload:trigger_reload] [INFO]- E:\Work File\Background\BackEndServer\apps\Account\models.py changed, reloading.
[2023-08-26 11:32:59,262] [autoreload.py:637] [autoreload:run_with_reloader] [INFO]- Watching for file changes with StatReloader
[2023-08-26 11:33:04,672] [autoreload.py:251] [autoreload:trigger_reload] [INFO]- E:\Work File\Background\BackEndServer\apps\Account\models.py changed, reloading.
[2023-08-26 11:33:06,984] [autoreload.py:637] [autoreload:run_with_reloader] [INFO]- Watching for file changes with StatReloader
[2023-08-26 11:33:15,797] [autoreload.py:251] [autoreload:trigger_reload] [INFO]- E:\Work File\Background\BackEndServer\apps\Account\models.py changed, reloading.
[2023-08-26 11:33:18,137] [autoreload.py:637] [autoreload:run_with_reloader] [INFO]- Watching for file changes with StatReloader
[2023-08-26 11:33:28,540] [autoreload.py:251] [autoreload:trigger_reload] [INFO]- E:\Work File\Background\BackEndServer\apps\Account\models.py changed, reloading.
[2023-08-26 11:33:30,878] [autoreload.py:637] [autoreload:run_with_reloader] [INFO]- Watching for file changes with StatReloader
[2023-08-26 11:33:42,529] [autoreload.py:251] [autoreload:trigger_reload] [INFO]- E:\Work File\Background\BackEndServer\apps\Account\models.py changed, reloading.
[2023-08-26 11:33:44,865] [autoreload.py:637] [autoreload:run_with_reloader] [INFO]- Watching for file changes with StatReloader
[2023-08-26 11:33:47,948] [autoreload.py:251] [autoreload:trigger_reload] [INFO]- E:\Work File\Background\BackEndServer\apps\Account\models.py changed, reloading.
[2023-08-26 11:33:50,182] [autoreload.py:637] [autoreload:run_with_reloader] [INFO]- Watching for file changes with StatReloader
[2023-08-26 11:33:52,154] [autoreload.py:251] [autoreload:trigger_reload] [INFO]- E:\Work File\Background\BackEndServer\apps\Account\models.py changed, reloading.
[2023-08-26 11:33:54,425] [autoreload.py:637] [autoreload:run_with_reloader] [INFO]- Watching for file changes with StatReloader
[2023-08-26 11:34:03,585] [autoreload.py:251] [autoreload:trigger_reload] [INFO]- E:\Work File\Background\BackEndServer\apps\Account\models.py changed, reloading.
[2023-08-26 11:34:05,937] [autoreload.py:637] [autoreload:run_with_reloader] [INFO]- Watching for file changes with StatReloader
[2023-08-26 11:34:07,797] [autoreload.py:251] [autoreload:trigger_reload] [INFO]- E:\Work File\Background\BackEndServer\apps\Account\models.py changed, reloading.
[2023-08-26 11:34:10,109] [autoreload.py:637] [autoreload:run_with_reloader] [INFO]- Watching for file changes with StatReloader
[2023-08-26 11:34:12,072] [autoreload.py:251] [autoreload:trigger_reload] [INFO]- E:\Work File\Background\BackEndServer\apps\Account\models.py changed, reloading.
[2023-08-26 11:34:14,407] [autoreload.py:637] [autoreload:run_with_reloader] [INFO]- Watching for file changes with StatReloader
[2023-08-26 11:34:22,284] [autoreload.py:251] [autoreload:trigger_reload] [INFO]- E:\Work File\Background\BackEndServer\apps\Account\models.py changed, reloading.
[2023-08-26 11:34:24,608] [autoreload.py:637] [autoreload:run_with_reloader] [INFO]- Watching for file changes with StatReloader
[2023-08-26 11:34:27,453] [autoreload.py:251] [autoreload:trigger_reload] [INFO]- E:\Work File\Background\BackEndServer\apps\Account\models.py changed, reloading.
[2023-08-26 11:34:29,762] [autoreload.py:637] [autoreload:run_with_reloader] [INFO]- Watching for file changes with StatReloader
[2023-08-26 11:34:31,645] [autoreload.py:251] [autoreload:trigger_reload] [INFO]- E:\Work File\Background\BackEndServer\apps\Account\models.py changed, reloading.
[2023-08-26 11:34:33,982] [autoreload.py:637] [autoreload:run_with_reloader] [INFO]- Watching for file changes with StatReloader
[2023-08-26 11:34:38,088] [autoreload.py:251] [autoreload:trigger_reload] [INFO]- E:\Work File\Background\BackEndServer\apps\Account\models.py changed, reloading.
[2023-08-26 11:34:40,407] [autoreload.py:637] [autoreload:run_with_reloader] [INFO]- Watching for file changes with StatReloader
[2023-08-26 11:34:42,234] [autoreload.py:251] [autoreload:trigger_reload] [INFO]- E:\Work File\Background\BackEndServer\apps\Account\models.py changed, reloading.
[2023-08-26 11:34:44,562] [autoreload.py:637] [autoreload:run_with_reloader] [INFO]- Watching for file changes with StatReloader
[2023-08-26 11:35:05,124] [autoreload.py:251] [autoreload:trigger_reload] [INFO]- E:\Work File\Background\BackEndServer\apps\Account\models.py changed, reloading.
[2023-08-26 11:35:07,446] [autoreload.py:637] [autoreload:run_with_reloader] [INFO]- Watching for file changes with StatReloader
[2023-08-26 11:49:20,877] [autoreload.py:251] [autoreload:trigger_reload] [INFO]- E:\Work File\Background\BackEndServer\apps\Account\models.py changed, reloading.
[2023-08-26 11:49:23,208] [autoreload.py:637] [autoreload:run_with_reloader] [INFO]- Watching for file changes with StatReloader
[2023-08-26 14:13:00,459] [autoreload.py:637] [autoreload:run_with_reloader] [INFO]- Watching for file changes with StatReloader
[2023-08-26 14:13:12,413] [basehttp.py:161] [basehttp:log_message] [INFO]- "GET / HTTP/1.1" 302 0
[2023-08-26 14:13:12,669] [basehttp.py:161] [basehttp:log_message] [INFO]- "GET /api/docs/ HTTP/1.1" 200 220810
[2023-08-26 14:13:12,734] [basehttp.py:161] [basehttp:log_message] [INFO]- "GET /static/rest_framework/css/bootstrap-theme.min.css HTTP/1.1" 304 0
[2023-08-26 14:13:12,735] [basehttp.py:161] [basehttp:log_message] [INFO]- "GET /static/rest_framework/css/bootstrap.min.css HTTP/1.1" 304 0
[2023-08-26 14:13:12,737] [basehttp.py:161] [basehttp:log_message] [INFO]- "GET /static/rest_framework/css/font-awesome-4.0.3.css HTTP/1.1" 304 0
[2023-08-26 14:13:12,740] [basehttp.py:161] [basehttp:log_message] [INFO]- "GET /static/rest_framework/docs/css/base.css HTTP/1.1" 304 0
[2023-08-26 14:13:12,743] [basehttp.py:161] [basehttp:log_message] [INFO]- "GET /static/rest_framework/docs/css/jquery.json-view.min.css HTTP/1.1" 304 0
[2023-08-26 14:13:12,745] [basehttp.py:161] [basehttp:log_message] [INFO]- "GET /static/rest_framework/js/jquery-3.5.1.min.js HTTP/1.1" 304 0
[2023-08-26 14:13:12,794] [basehttp.py:161] [basehttp:log_message] [INFO]- "GET /static/rest_framework/js/bootstrap.min.js HTTP/1.1" 304 0
[2023-08-26 14:13:12,794] [basehttp.py:161] [basehttp:log_message] [INFO]- "GET /static/rest_framework/js/coreapi-0.1.1.js HTTP/1.1" 304 0
[2023-08-26 14:13:12,799] [basehttp.py:161] [basehttp:log_message] [INFO]- "GET /api/docs/schema.js HTTP/1.1" 200 33836
[2023-08-26 14:13:12,800] [basehttp.py:161] [basehttp:log_message] [INFO]- "GET /static/rest_framework/docs/js/jquery.json-view.min.js HTTP/1.1" 304 0
[2023-08-26 14:13:12,800] [basehttp.py:161] [basehttp:log_message] [INFO]- "GET /static/rest_framework/docs/js/api.js HTTP/1.1" 304 0
[2023-08-26 14:13:12,911] [basehttp.py:161] [basehttp:log_message] [INFO]- "GET /static/rest_framework/fonts/fontawesome-webfont.woff?v=4.0.3 HTTP/1.1" 304 0
[2023-08-26 14:13:35,202] [basehttp.py:161] [basehttp:log_message] [INFO]- "GET /api/account/account/ HTTP/1.1" 200 33
[2023-08-26 14:52:51,241] [autoreload.py:251] [autoreload:trigger_reload] [INFO]- E:\Work File\Background\BackEndServer\apps\Account\urls.py changed, reloading.
[2023-08-26 14:52:53,648] [autoreload.py:637] [autoreload:run_with_reloader] [INFO]- Watching for file changes with StatReloader
[2023-08-26 14:52:55,648] [autoreload.py:251] [autoreload:trigger_reload] [INFO]- E:\Work File\Background\BackEndServer\apps\Account\urls.py changed, reloading.
[2023-08-26 14:52:57,954] [autoreload.py:637] [autoreload:run_with_reloader] [INFO]- Watching for file changes with StatReloader
[2023-08-26 14:53:02,017] [autoreload.py:251] [autoreload:trigger_reload] [INFO]- E:\Work File\Background\BackEndServer\apps\Account\urls.py changed, reloading.
[2023-08-26 14:53:04,390] [autoreload.py:637] [autoreload:run_with_reloader] [INFO]- Watching for file changes with StatReloader
[2023-08-26 14:53:07,134] [autoreload.py:251] [autoreload:trigger_reload] [INFO]- E:\Work File\Background\BackEndServer\apps\Account\urls.py changed, reloading.
[2023-08-26 14:53:09,488] [autoreload.py:637] [autoreload:run_with_reloader] [INFO]- Watching for file changes with StatReloader
[2023-08-26 14:53:15,222] [autoreload.py:251] [autoreload:trigger_reload] [INFO]- E:\Work File\Background\BackEndServer\apps\Account\urls.py changed, reloading.
[2023-08-26 14:53:17,540] [autoreload.py:637] [autoreload:run_with_reloader] [INFO]- Watching for file changes with StatReloader
[2023-08-26 14:53:19,511] [autoreload.py:251] [autoreload:trigger_reload] [INFO]- E:\Work File\Background\BackEndServer\apps\Account\urls.py changed, reloading.
[2023-08-26 14:53:21,825] [autoreload.py:637] [autoreload:run_with_reloader] [INFO]- Watching for file changes with StatReloader
[2023-08-26 14:53:31,198] [autoreload.py:251] [autoreload:trigger_reload] [INFO]- E:\Work File\Background\BackEndServer\apps\Account\urls.py changed, reloading.
[2023-08-26 14:53:33,484] [autoreload.py:637] [autoreload:run_with_reloader] [INFO]- Watching for file changes with StatReloader
[2023-08-26 14:53:37,953] [autoreload.py:251] [autoreload:trigger_reload] [INFO]- E:\Work File\Background\BackEndServer\apps\Account\urls.py changed, reloading.
[2023-08-26 14:53:40,289] [autoreload.py:637] [autoreload:run_with_reloader] [INFO]- Watching for file changes with StatReloader
[2023-08-26 14:53:44,287] [autoreload.py:251] [autoreload:trigger_reload] [INFO]- E:\Work File\Background\BackEndServer\apps\Account\urls.py changed, reloading.
[2023-08-26 14:53:46,626] [autoreload.py:637] [autoreload:run_with_reloader] [INFO]- Watching for file changes with StatReloader
[2023-08-26 14:53:50,741] [autoreload.py:251] [autoreload:trigger_reload] [INFO]- E:\Work File\Background\BackEndServer\apps\Account\urls.py changed, reloading.
[2023-08-26 14:53:53,071] [autoreload.py:637] [autoreload:run_with_reloader] [INFO]- Watching for file changes with StatReloader
[2023-08-26 14:54:00,070] [autoreload.py:251] [autoreload:trigger_reload] [INFO]- E:\Work File\Background\BackEndServer\apps\Account\urls.py changed, reloading.
[2023-08-26 14:54:02,363] [autoreload.py:637] [autoreload:run_with_reloader] [INFO]- Watching for file changes with StatReloader
[2023-08-26 14:54:04,259] [autoreload.py:251] [autoreload:trigger_reload] [INFO]- E:\Work File\Background\BackEndServer\apps\Account\urls.py changed, reloading.
[2023-08-26 14:54:06,585] [autoreload.py:637] [autoreload:run_with_reloader] [INFO]- Watching for file changes with StatReloader
[2023-08-26 14:54:12,267] [autoreload.py:251] [autoreload:trigger_reload] [INFO]- E:\Work File\Background\BackEndServer\apps\Account\urls.py changed, reloading.
[2023-08-26 14:54:14,554] [autoreload.py:637] [autoreload:run_with_reloader] [INFO]- Watching for file changes with StatReloader
[2023-08-26 14:54:17,789] [autoreload.py:251] [autoreload:trigger_reload] [INFO]- E:\Work File\Background\BackEndServer\apps\Account\urls.py changed, reloading.
[2023-08-26 14:54:20,073] [autoreload.py:637] [autoreload:run_with_reloader] [INFO]- Watching for file changes with StatReloader
[2023-08-26 14:54:26,383] [basehttp.py:161] [basehttp:log_message] [INFO]- "GET / HTTP/1.1" 302 0
[2023-08-26 14:54:26,716] [basehttp.py:161] [basehttp:log_message] [INFO]- "GET /api/docs/ HTTP/1.1" 200 304642
[2023-08-26 14:54:26,813] [basehttp.py:161] [basehttp:log_message] [INFO]- "GET /api/docs/schema.js HTTP/1.1" 200 47096
[2023-08-26 14:54:40,918] [basehttp.py:161] [basehttp:log_message] [INFO]- "GET /api/account/platform/ HTTP/1.1" 200 33
[2023-08-26 15:05:05,690] [autoreload.py:251] [autoreload:trigger_reload] [INFO]- E:\Work File\Background\BackEndServer\apps\Account\serializers.py changed, reloading.
[2023-08-26 15:05:08,084] [autoreload.py:637] [autoreload:run_with_reloader] [INFO]- Watching for file changes with StatReloader
[2023-08-26 15:05:12,629] [autoreload.py:251] [autoreload:trigger_reload] [INFO]- E:\Work File\Background\BackEndServer\apps\Account\serializers.py changed, reloading.
[2023-08-26 15:05:15,001] [autoreload.py:637] [autoreload:run_with_reloader] [INFO]- Watching for file changes with StatReloader
[2023-08-26 15:05:18,241] [autoreload.py:251] [autoreload:trigger_reload] [INFO]- E:\Work File\Background\BackEndServer\apps\Account\serializers.py changed, reloading.
[2023-08-26 15:05:20,524] [autoreload.py:637] [autoreload:run_with_reloader] [INFO]- Watching for file changes with StatReloader
[2023-08-26 15:05:23,722] [autoreload.py:251] [autoreload:trigger_reload] [INFO]- E:\Work File\Background\BackEndServer\apps\Account\serializers.py changed, reloading.
[2023-08-26 15:05:26,029] [autoreload.py:637] [autoreload:run_with_reloader] [INFO]- Watching for file changes with StatReloader
[2023-08-26 15:05:30,708] [autoreload.py:251] [autoreload:trigger_reload] [INFO]- E:\Work File\Background\BackEndServer\apps\Account\serializers.py changed, reloading.
[2023-08-26 15:05:33,097] [autoreload.py:637] [autoreload:run_with_reloader] [INFO]- Watching for file changes with StatReloader
[2023-08-26 15:05:39,969] [autoreload.py:251] [autoreload:trigger_reload] [INFO]- E:\Work File\Background\BackEndServer\apps\Account\serializers.py changed, reloading.
[2023-08-26 15:05:42,256] [autoreload.py:637] [autoreload:run_with_reloader] [INFO]- Watching for file changes with StatReloader
[2023-08-26 15:12:20,565] [autoreload.py:637] [autoreload:run_with_reloader] [INFO]- Watching for file changes with StatReloader
[2023-08-26 15:12:24,025] [basehttp.py:161] [basehttp:log_message] [INFO]- "GET / HTTP/1.1" 302 0
[2023-08-26 15:12:24,335] [basehttp.py:161] [basehttp:log_message] [INFO]- "GET /api/docs/ HTTP/1.1" 200 304642
[2023-08-26 15:12:24,431] [basehttp.py:161] [basehttp:log_message] [INFO]- "GET /api/docs/schema.js HTTP/1.1" 200 47096
[2023-08-26 15:13:35,596] [basehttp.py:161] [basehttp:log_message] [INFO]- "POST /api/account/platform/ HTTP/1.1" 200 419
[2023-08-26 15:13:54,253] [basehttp.py:161] [basehttp:log_message] [INFO]- "GET /api/account/platform/ HTTP/1.1" 200 421
[2023-08-26 15:14:55,615] [autoreload.py:251] [autoreload:trigger_reload] [INFO]- E:\Work File\Background\BackEndServer\apps\Account\views\platform.py changed, reloading.
[2023-08-26 15:14:57,912] [autoreload.py:637] [autoreload:run_with_reloader] [INFO]- Watching for file changes with StatReloader
[2023-08-26 15:15:18,550] [autoreload.py:251] [autoreload:trigger_reload] [INFO]- E:\Work File\Background\BackEndServer\apps\Account\views\platform.py changed, reloading.
[2023-08-26 15:15:20,843] [autoreload.py:637] [autoreload:run_with_reloader] [INFO]- Watching for file changes with StatReloader
[2023-08-26 15:16:00,469] [autoreload.py:251] [autoreload:trigger_reload] [INFO]- E:\Work File\Background\BackEndServer\apps\Account\urls.py changed, reloading.
[2023-08-26 15:16:02,818] [autoreload.py:637] [autoreload:run_with_reloader] [INFO]- Watching for file changes with StatReloader
[2023-08-26 15:16:06,889] [autoreload.py:251] [autoreload:trigger_reload] [INFO]- E:\Work File\Background\BackEndServer\apps\Account\urls.py changed, reloading.
[2023-08-26 15:16:09,257] [autoreload.py:637] [autoreload:run_with_reloader] [INFO]- Watching for file changes with StatReloader
[2023-08-26 15:16:12,202] [basehttp.py:161] [basehttp:log_message] [INFO]- "GET /api/docs/ HTTP/1.1" 200 347612
[2023-08-26 15:16:12,327] [basehttp.py:161] [basehttp:log_message] [INFO]- "GET /api/docs/schema.js HTTP/1.1" 200 54096
[2023-08-26 15:16:13,564] [basehttp.py:161] [basehttp:log_message] [INFO]- "GET /static/rest_framework/docs/img/favicon.ico HTTP/1.1" 200 5430
[2023-08-26 15:16:31,084] [basehttp.py:161] [basehttp:log_message] [INFO]- "GET /api/account/selector/ HTTP/1.1" 200 33
[2023-08-26 15:18:56,624] [basehttp.py:161] [basehttp:log_message] [INFO]- "POST /api/account/selector/ HTTP/1.1" 200 321
[2023-08-26 15:19:21,017] [basehttp.py:161] [basehttp:log_message] [INFO]- "POST /api/account/selector/ HTTP/1.1" 200 310
[2023-08-26 15:19:26,353] [basehttp.py:161] [basehttp:log_message] [INFO]- "GET /api/account/selector/ HTTP/1.1" 200 603
[2023-08-26 15:20:45,248] [basehttp.py:161] [basehttp:log_message] [INFO]- "GET /api/account/account/ HTTP/1.1" 200 33
[2023-08-26 15:22:46,129] [basehttp.py:161] [basehttp:log_message] [INFO]- "POST /api/account/account/ HTTP/1.1" 200 1610
[2023-08-26 15:23:40,728] [basehttp.py:161] [basehttp:log_message] [INFO]- "PUT /api/account/account/ZqCqakP7ftUJrWkiEBYPfx/ HTTP/1.1" 200 1650
[2023-08-26 15:53:43,202] [autoreload.py:251] [autoreload:trigger_reload] [INFO]- E:\Work File\Background\BackEndServer\apps\system\urls.py changed, reloading.
[2023-08-26 15:53:45,595] [autoreload.py:637] [autoreload:run_with_reloader] [INFO]- Watching for file changes with StatReloader
[2023-08-26 15:56:40,725] [autoreload.py:251] [autoreload:trigger_reload] [INFO]- E:\Work File\Background\BackEndServer\apps\Account\views\platform.py changed, reloading.
[2023-08-26 15:56:42,868] [autoreload.py:637] [autoreload:run_with_reloader] [INFO]- Watching for file changes with StatReloader
